{"/Users/kyle/hackreactor/FEC/client/helpers.js": {"path":"/Users/kyle/hackreactor/FEC/client/helpers.js","statementMap":{"0":{"start":{"line":5,"column":2},"end":{"line":5,"column":85}},"1":{"start":{"line":5,"column":52},"end":{"line":5,"column":80}},"2":{"start":{"line":9,"column":2},"end":{"line":11,"column":46}},"3":{"start":{"line":10,"column":26},"end":{"line":10,"column":57}},"4":{"start":{"line":15,"column":2},"end":{"line":23,"column":5}},"5":{"start":{"line":16,"column":4},"end":{"line":18,"column":5}},"6":{"start":{"line":17,"column":6},"end":{"line":17,"column":15}},"7":{"start":{"line":19,"column":4},"end":{"line":21,"column":5}},"8":{"start":{"line":20,"column":6},"end":{"line":20,"column":16}},"9":{"start":{"line":22,"column":4},"end":{"line":22,"column":13}},"10":{"start":{"line":24,"column":2},"end":{"line":24,"column":21}},"11":{"start":{"line":28,"column":17},"end":{"line":28,"column":19}},"12":{"start":{"line":29,"column":17},"end":{"line":29,"column":58}},"13":{"start":{"line":30,"column":2},"end":{"line":30,"column":50}},"14":{"start":{"line":31,"column":2},"end":{"line":31,"column":65}},"15":{"start":{"line":32,"column":2},"end":{"line":32,"column":16}}},"fnMap":{"0":{"name":"sumArray","decl":{"start":{"line":4,"column":16},"end":{"line":4,"column":24}},"loc":{"start":{"line":4,"column":45},"end":{"line":6,"column":1}},"line":4},"1":{"name":"(anonymous_1)","decl":{"start":{"line":5,"column":35},"end":{"line":5,"column":36}},"loc":{"start":{"line":5,"column":52},"end":{"line":5,"column":80}},"line":5},"2":{"name":"avgStarValue","decl":{"start":{"line":8,"column":16},"end":{"line":8,"column":28}},"loc":{"start":{"line":8,"column":45},"end":{"line":12,"column":1}},"line":8},"3":{"name":"(anonymous_3)","decl":{"start":{"line":10,"column":9},"end":{"line":10,"column":10}},"loc":{"start":{"line":10,"column":26},"end":{"line":10,"column":57}},"line":10},"4":{"name":"objectSorter","decl":{"start":{"line":14,"column":16},"end":{"line":14,"column":28}},"loc":{"start":{"line":14,"column":56},"end":{"line":25,"column":1}},"line":14},"5":{"name":"(anonymous_5)","decl":{"start":{"line":15,"column":34},"end":{"line":15,"column":35}},"loc":{"start":{"line":15,"column":44},"end":{"line":23,"column":3}},"line":15},"6":{"name":"date","decl":{"start":{"line":27,"column":16},"end":{"line":27,"column":20}},"loc":{"start":{"line":27,"column":32},"end":{"line":33,"column":1}},"line":27}},"branchMap":{"0":{"loc":{"start":{"line":16,"column":4},"end":{"line":18,"column":5}},"type":"if","locations":[{"start":{"line":16,"column":4},"end":{"line":18,"column":5}},{"start":{},"end":{}}],"line":16},"1":{"loc":{"start":{"line":19,"column":4},"end":{"line":21,"column":5}},"type":"if","locations":[{"start":{"line":19,"column":4},"end":{"line":21,"column":5}},{"start":{},"end":{}}],"line":19}},"s":{"0":3,"1":15,"2":1,"3":5,"4":2,"5":5,"6":2,"7":3,"8":3,"9":0,"10":2,"11":4,"12":4,"13":4,"14":4,"15":4},"f":{"0":3,"1":15,"2":1,"3":5,"4":2,"5":5,"6":4},"b":{"0":[2,3],"1":[3,0]},"_coverageSchema":"1a1c01bbd47fc00a2c39e90264f33305004495a9","hash":"3d2435b5ec5e22505e48de4ff4bcc4a9e8d7f88f"}
,"/Users/kyle/hackreactor/FEC/client/src/Context.jsx": {"path":"/Users/kyle/hackreactor/FEC/client/src/Context.jsx","statementMap":{"0":{"start":{"line":9,"column":23},"end":{"line":9,"column":38}},"1":{"start":{"line":12,"column":28},"end":{"line":12,"column":40}},"2":{"start":{"line":13,"column":32},"end":{"line":13,"column":46}},"3":{"start":{"line":15,"column":21},"end":{"line":15,"column":26}},"4":{"start":{"line":17,"column":24},"end":{"line":67,"column":3}},"5":{"start":{"line":19,"column":4},"end":{"line":19,"column":21}},"6":{"start":{"line":21,"column":20},"end":{"line":21,"column":22}},"7":{"start":{"line":24,"column":6},"end":{"line":64,"column":7}},"8":{"start":{"line":30,"column":12},"end":{"line":36,"column":10}},"9":{"start":{"line":37,"column":28},"end":{"line":37,"column":47}},"10":{"start":{"line":38,"column":29},"end":{"line":38,"column":73}},"11":{"start":{"line":39,"column":27},"end":{"line":39,"column":105}},"12":{"start":{"line":40,"column":29},"end":{"line":40,"column":49}},"13":{"start":{"line":41,"column":29},"end":{"line":41,"column":49}},"14":{"start":{"line":42,"column":24},"end":{"line":42,"column":39}},"15":{"start":{"line":43,"column":36},"end":{"line":43,"column":63}},"16":{"start":{"line":44,"column":26},"end":{"line":44,"column":70}},"17":{"start":{"line":45,"column":30},"end":{"line":45,"column":47}},"18":{"start":{"line":46,"column":8},"end":{"line":56,"column":10}},"19":{"start":{"line":59,"column":8},"end":{"line":59,"column":28}},"20":{"start":{"line":60,"column":8},"end":{"line":60,"column":26}},"21":{"start":{"line":62,"column":8},"end":{"line":62,"column":33}},"22":{"start":{"line":63,"column":8},"end":{"line":63,"column":26}},"23":{"start":{"line":66,"column":4},"end":{"line":66,"column":36}},"24":{"start":{"line":69,"column":2},"end":{"line":71,"column":9}},"25":{"start":{"line":70,"column":4},"end":{"line":70,"column":30}},"26":{"start":{"line":73,"column":17},"end":{"line":79,"column":3}},"27":{"start":{"line":81,"column":2},"end":{"line":81,"column":86}},"28":{"start":{"line":85,"column":18},"end":{"line":85,"column":44}},"29":{"start":{"line":86,"column":2},"end":{"line":88,"column":3}},"30":{"start":{"line":87,"column":4},"end":{"line":87,"column":69}},"31":{"start":{"line":89,"column":2},"end":{"line":89,"column":17}}},"fnMap":{"0":{"name":"Context","decl":{"start":{"line":11,"column":16},"end":{"line":11,"column":23}},"loc":{"start":{"line":11,"column":38},"end":{"line":82,"column":1}},"line":11},"1":{"name":"(anonymous_1)","decl":{"start":{"line":17,"column":24},"end":{"line":17,"column":25}},"loc":{"start":{"line":17,"column":30},"end":{"line":67,"column":3}},"line":17},"2":{"name":"handleGetAllProductsInfo","decl":{"start":{"line":23,"column":19},"end":{"line":23,"column":43}},"loc":{"start":{"line":23,"column":46},"end":{"line":65,"column":5}},"line":23},"3":{"name":"(anonymous_3)","decl":{"start":{"line":69,"column":12},"end":{"line":69,"column":13}},"loc":{"start":{"line":69,"column":18},"end":{"line":71,"column":3}},"line":69},"4":{"name":"useProductsContext","decl":{"start":{"line":84,"column":16},"end":{"line":84,"column":34}},"loc":{"start":{"line":84,"column":37},"end":{"line":90,"column":1}},"line":84}},"branchMap":{"0":{"loc":{"start":{"line":86,"column":2},"end":{"line":88,"column":3}},"type":"if","locations":[{"start":{"line":86,"column":2},"end":{"line":88,"column":3}},{"start":{},"end":{}}],"line":86}},"s":{"0":1,"1":0,"2":0,"3":0,"4":0,"5":0,"6":0,"7":0,"8":0,"9":0,"10":0,"11":0,"12":0,"13":0,"14":0,"15":0,"16":0,"17":0,"18":0,"19":0,"20":0,"21":0,"22":0,"23":0,"24":0,"25":0,"26":0,"27":0,"28":0,"29":0,"30":0,"31":0},"f":{"0":0,"1":0,"2":0,"3":0,"4":0},"b":{"0":[0,0]},"_coverageSchema":"1a1c01bbd47fc00a2c39e90264f33305004495a9","hash":"cf26bf1233a5efa21335ea45aafc649eb759c037"}
,"/Users/kyle/hackreactor/FEC/client/src/app.jsx": {"path":"/Users/kyle/hackreactor/FEC/client/src/app.jsx","statementMap":{"0":{"start":{"line":16,"column":40},"end":{"line":16,"column":56}},"1":{"start":{"line":17,"column":42},"end":{"line":17,"column":54}},"2":{"start":{"line":19,"column":2},"end":{"line":48,"column":4}},"3":{"start":{"line":20,"column":37},"end":{"line":20,"column":59}}},"fnMap":{"0":{"name":"App","decl":{"start":{"line":15,"column":9},"end":{"line":15,"column":12}},"loc":{"start":{"line":15,"column":15},"end":{"line":49,"column":1}},"line":15},"1":{"name":"(anonymous_1)","decl":{"start":{"line":20,"column":31},"end":{"line":20,"column":32}},"loc":{"start":{"line":20,"column":37},"end":{"line":20,"column":59}},"line":20}},"branchMap":{"0":{"loc":{"start":{"line":32,"column":7},"end":{"line":32,"column":90}},"type":"binary-expr","locations":[{"start":{"line":32,"column":7},"end":{"line":32,"column":37}},{"start":{"line":32,"column":41},"end":{"line":32,"column":90}}],"line":32},"1":{"loc":{"start":{"line":38,"column":7},"end":{"line":38,"column":96}},"type":"cond-expr","locations":[{"start":{"line":38,"column":40},"end":{"line":38,"column":89}},{"start":{"line":38,"column":92},"end":{"line":38,"column":96}}],"line":38},"2":{"loc":{"start":{"line":39,"column":7},"end":{"line":39,"column":120}},"type":"cond-expr","locations":[{"start":{"line":39,"column":38},"end":{"line":39,"column":113}},{"start":{"line":39,"column":116},"end":{"line":39,"column":120}}],"line":39},"3":{"loc":{"start":{"line":41,"column":7},"end":{"line":41,"column":86}},"type":"binary-expr","locations":[{"start":{"line":41,"column":7},"end":{"line":41,"column":35}},{"start":{"line":41,"column":39},"end":{"line":41,"column":86}}],"line":41}},"s":{"0":0,"1":0,"2":0,"3":0},"f":{"0":0,"1":0},"b":{"0":[0,0],"1":[0,0],"2":[0,0],"3":[0,0]},"_coverageSchema":"1a1c01bbd47fc00a2c39e90264f33305004495a9","hash":"b6ab3ad10b04968c1ce0a584e58fb5cb5c23d1e2"}
,"/Users/kyle/hackreactor/FEC/client/src/app.style.js": {"path":"/Users/kyle/hackreactor/FEC/client/src/app.style.js","statementMap":{"0":{"start":{"line":9,"column":25},"end":{"line":18,"column":1}},"1":{"start":{"line":20,"column":22},"end":{"line":32,"column":1}},"2":{"start":{"line":34,"column":33},"end":{"line":40,"column":1}},"3":{"start":{"line":47,"column":43},"end":{"line":53,"column":1}},"4":{"start":{"line":55,"column":35},"end":{"line":61,"column":1}},"5":{"start":{"line":83,"column":34},"end":{"line":91,"column":1}}},"fnMap":{},"branchMap":{},"s":{"0":1,"1":1,"2":1,"3":1,"4":1,"5":1},"f":{},"b":{},"_coverageSchema":"1a1c01bbd47fc00a2c39e90264f33305004495a9","hash":"033ad44b6f2de46716cdb30af5babbae2533ad61"}
,"/Users/kyle/hackreactor/FEC/client/src/header.jsx": {"path":"/Users/kyle/hackreactor/FEC/client/src/header.jsx","statementMap":{"0":{"start":{"line":6,"column":15},"end":{"line":6,"column":130}},"1":{"start":{"line":8,"column":2},"end":{"line":25,"column":4}}},"fnMap":{"0":{"name":"Header","decl":{"start":{"line":4,"column":24},"end":{"line":4,"column":30}},"loc":{"start":{"line":4,"column":33},"end":{"line":26,"column":1}},"line":4}},"branchMap":{},"s":{"0":0,"1":0},"f":{"0":0},"b":{},"_coverageSchema":"1a1c01bbd47fc00a2c39e90264f33305004495a9","hash":"738557c95aa9b32de84a63cc4c9ba0467bcb79b5"}
,"/Users/kyle/hackreactor/FEC/client/src/header.style.js": {"path":"/Users/kyle/hackreactor/FEC/client/src/header.style.js","statementMap":{"0":{"start":{"line":4,"column":26},"end":{"line":64,"column":1}}},"fnMap":{},"branchMap":{},"s":{"0":1},"f":{},"b":{},"_coverageSchema":"1a1c01bbd47fc00a2c39e90264f33305004495a9","hash":"6fa0e51d743b7dd7f5a79f641c6a419f77ae1ba7"}
,"/Users/kyle/hackreactor/FEC/client/src/overview/overviewContextWrapper.jsx": {"path":"/Users/kyle/hackreactor/FEC/client/src/overview/overviewContextWrapper.jsx","statementMap":{"0":{"start":{"line":5,"column":24},"end":{"line":5,"column":39}},"1":{"start":{"line":8,"column":32},"end":{"line":8,"column":43}},"2":{"start":{"line":9,"column":36},"end":{"line":9,"column":48}},"3":{"start":{"line":10,"column":36},"end":{"line":10,"column":48}},"4":{"start":{"line":11,"column":38},"end":{"line":11,"column":50}},"5":{"start":{"line":12,"column":38},"end":{"line":12,"column":49}},"6":{"start":{"line":13,"column":17},"end":{"line":24,"column":3}},"7":{"start":{"line":26,"column":2},"end":{"line":26,"column":88}},"8":{"start":{"line":30,"column":22},"end":{"line":30,"column":49}},"9":{"start":{"line":31,"column":2},"end":{"line":33,"column":3}},"10":{"start":{"line":32,"column":4},"end":{"line":32,"column":58}},"11":{"start":{"line":34,"column":2},"end":{"line":34,"column":21}}},"fnMap":{"0":{"name":"OverviewContextWrapper","decl":{"start":{"line":7,"column":16},"end":{"line":7,"column":38}},"loc":{"start":{"line":7,"column":53},"end":{"line":27,"column":1}},"line":7},"1":{"name":"useOverviewContext","decl":{"start":{"line":29,"column":16},"end":{"line":29,"column":34}},"loc":{"start":{"line":29,"column":37},"end":{"line":35,"column":1}},"line":29}},"branchMap":{"0":{"loc":{"start":{"line":31,"column":2},"end":{"line":33,"column":3}},"type":"if","locations":[{"start":{"line":31,"column":2},"end":{"line":33,"column":3}},{"start":{},"end":{}}],"line":31}},"s":{"0":1,"1":0,"2":0,"3":0,"4":0,"5":0,"6":0,"7":0,"8":0,"9":0,"10":0,"11":0},"f":{"0":0,"1":0},"b":{"0":[0,0]},"_coverageSchema":"1a1c01bbd47fc00a2c39e90264f33305004495a9","hash":"3eaeb84bf1e16d834d4a65757a50466a0b9644e0"}
,"/Users/kyle/hackreactor/FEC/client/src/overview/addInformation/addInformation.jsx": {"path":"/Users/kyle/hackreactor/FEC/client/src/overview/addInformation/addInformation.jsx","statementMap":{"0":{"start":{"line":5,"column":27},"end":{"line":5,"column":47}},"1":{"start":{"line":7,"column":24},"end":{"line":7,"column":65}},"2":{"start":{"line":8,"column":29},"end":{"line":8,"column":75}},"3":{"start":{"line":10,"column":2},"end":{"line":16,"column":4}}},"fnMap":{"0":{"name":"AddInformation","decl":{"start":{"line":4,"column":24},"end":{"line":4,"column":38}},"loc":{"start":{"line":4,"column":41},"end":{"line":17,"column":1}},"line":4}},"branchMap":{"0":{"loc":{"start":{"line":7,"column":24},"end":{"line":7,"column":65}},"type":"cond-expr","locations":[{"start":{"line":7,"column":41},"end":{"line":7,"column":60}},{"start":{"line":7,"column":63},"end":{"line":7,"column":65}}],"line":7},"1":{"loc":{"start":{"line":8,"column":29},"end":{"line":8,"column":75}},"type":"cond-expr","locations":[{"start":{"line":8,"column":46},"end":{"line":8,"column":70}},{"start":{"line":8,"column":73},"end":{"line":8,"column":75}}],"line":8}},"s":{"0":0,"1":0,"2":0,"3":0},"f":{"0":0},"b":{"0":[0,0],"1":[0,0]},"_coverageSchema":"1a1c01bbd47fc00a2c39e90264f33305004495a9","hash":"0e2b5f75ffd807860fb03c00cc846c17f7ec65ac"}
,"/Users/kyle/hackreactor/FEC/client/src/overview/cart/cart.jsx": {"path":"/Users/kyle/hackreactor/FEC/client/src/overview/cart/cart.jsx","statementMap":{"0":{"start":{"line":12,"column":22},"end":{"line":15,"column":1}},"1":{"start":{"line":18,"column":36},"end":{"line":18,"column":59}},"2":{"start":{"line":19,"column":36},"end":{"line":19,"column":56}},"3":{"start":{"line":20,"column":22},"end":{"line":20,"column":42}},"4":{"start":{"line":21,"column":32},"end":{"line":21,"column":44}},"5":{"start":{"line":22,"column":34},"end":{"line":22,"column":48}},"6":{"start":{"line":23,"column":46},"end":{"line":23,"column":57}},"7":{"start":{"line":24,"column":56},"end":{"line":24,"column":68}},"8":{"start":{"line":26,"column":18},"end":{"line":26,"column":72}},"9":{"start":{"line":27,"column":15},"end":{"line":27,"column":64}},"10":{"start":{"line":30,"column":23},"end":{"line":30,"column":40}},"11":{"start":{"line":34,"column":17},"end":{"line":39,"column":4}},"12":{"start":{"line":35,"column":4},"end":{"line":38,"column":6}},"13":{"start":{"line":43,"column":23},"end":{"line":44,"column":3}},"14":{"start":{"line":46,"column":27},"end":{"line":53,"column":3}},"15":{"start":{"line":47,"column":16},"end":{"line":47,"column":34}},"16":{"start":{"line":48,"column":21},"end":{"line":48,"column":35}},"17":{"start":{"line":49,"column":26},"end":{"line":49,"column":44}},"18":{"start":{"line":50,"column":4},"end":{"line":50,"column":20}},"19":{"start":{"line":51,"column":4},"end":{"line":51,"column":22}},"20":{"start":{"line":52,"column":4},"end":{"line":52,"column":37}},"21":{"start":{"line":54,"column":23},"end":{"line":54,"column":25}},"22":{"start":{"line":55,"column":2},"end":{"line":62,"column":23}},"23":{"start":{"line":56,"column":4},"end":{"line":60,"column":5}},"24":{"start":{"line":56,"column":17},"end":{"line":56,"column":18}},"25":{"start":{"line":57,"column":6},"end":{"line":59,"column":7}},"26":{"start":{"line":58,"column":8},"end":{"line":58,"column":29}},"27":{"start":{"line":61,"column":4},"end":{"line":61,"column":41}},"28":{"start":{"line":69,"column":2},"end":{"line":95,"column":4}},"29":{"start":{"line":79,"column":35},"end":{"line":79,"column":116}},"30":{"start":{"line":86,"column":55},"end":{"line":86,"column":111}}},"fnMap":{"0":{"name":"Cart","decl":{"start":{"line":17,"column":24},"end":{"line":17,"column":28}},"loc":{"start":{"line":17,"column":31},"end":{"line":96,"column":1}},"line":17},"1":{"name":"(anonymous_1)","decl":{"start":{"line":34,"column":34},"end":{"line":34,"column":35}},"loc":{"start":{"line":34,"column":43},"end":{"line":39,"column":3}},"line":34},"2":{"name":"(anonymous_2)","decl":{"start":{"line":43,"column":23},"end":{"line":43,"column":24}},"loc":{"start":{"line":43,"column":29},"end":{"line":44,"column":3}},"line":43},"3":{"name":"(anonymous_3)","decl":{"start":{"line":46,"column":27},"end":{"line":46,"column":28}},"loc":{"start":{"line":46,"column":38},"end":{"line":53,"column":3}},"line":46},"4":{"name":"(anonymous_4)","decl":{"start":{"line":55,"column":12},"end":{"line":55,"column":13}},"loc":{"start":{"line":55,"column":18},"end":{"line":62,"column":3}},"line":55},"5":{"name":"(anonymous_5)","decl":{"start":{"line":79,"column":25},"end":{"line":79,"column":26}},"loc":{"start":{"line":79,"column":34},"end":{"line":79,"column":117}},"line":79},"6":{"name":"(anonymous_6)","decl":{"start":{"line":86,"column":38},"end":{"line":86,"column":39}},"loc":{"start":{"line":86,"column":54},"end":{"line":86,"column":112}},"line":86}},"branchMap":{"0":{"loc":{"start":{"line":26,"column":18},"end":{"line":26,"column":72}},"type":"cond-expr","locations":[{"start":{"line":26,"column":47},"end":{"line":26,"column":67}},{"start":{"line":26,"column":70},"end":{"line":26,"column":72}}],"line":26},"1":{"loc":{"start":{"line":26,"column":19},"end":{"line":26,"column":43}},"type":"binary-expr","locations":[{"start":{"line":26,"column":19},"end":{"line":26,"column":27}},{"start":{"line":26,"column":31},"end":{"line":26,"column":43}}],"line":26},"2":{"loc":{"start":{"line":27,"column":15},"end":{"line":27,"column":64}},"type":"cond-expr","locations":[{"start":{"line":27,"column":44},"end":{"line":27,"column":59}},{"start":{"line":27,"column":62},"end":{"line":27,"column":64}}],"line":27},"3":{"loc":{"start":{"line":27,"column":16},"end":{"line":27,"column":40}},"type":"binary-expr","locations":[{"start":{"line":27,"column":16},"end":{"line":27,"column":24}},{"start":{"line":27,"column":28},"end":{"line":27,"column":40}}],"line":27},"4":{"loc":{"start":{"line":57,"column":6},"end":{"line":59,"column":7}},"type":"if","locations":[{"start":{"line":57,"column":6},"end":{"line":59,"column":7}},{"start":{},"end":{}}],"line":57}},"s":{"0":1,"1":0,"2":0,"3":0,"4":0,"5":0,"6":0,"7":0,"8":0,"9":0,"10":0,"11":0,"12":0,"13":0,"14":0,"15":0,"16":0,"17":0,"18":0,"19":0,"20":0,"21":0,"22":0,"23":0,"24":0,"25":0,"26":0,"27":0,"28":0,"29":0,"30":0},"f":{"0":0,"1":0,"2":0,"3":0,"4":0,"5":0,"6":0},"b":{"0":[0,0],"1":[0,0],"2":[0,0],"3":[0,0],"4":[0,0]},"_coverageSchema":"1a1c01bbd47fc00a2c39e90264f33305004495a9","hash":"cc85500061a855057ee900e0ba7f7a5da19584f1"}
,"/Users/kyle/hackreactor/FEC/client/src/overview/cart/cart.styles.js": {"path":"/Users/kyle/hackreactor/FEC/client/src/overview/cart/cart.styles.js","statementMap":{"0":{"start":{"line":4,"column":29},"end":{"line":58,"column":1}}},"fnMap":{},"branchMap":{},"s":{"0":1},"f":{},"b":{},"_coverageSchema":"1a1c01bbd47fc00a2c39e90264f33305004495a9","hash":"62a4f1362c1e5f0cb428bc2879ede4797c1c3383"}
,"/Users/kyle/hackreactor/FEC/client/src/overview/imageGallery/imageGallery.styles.js": {"path":"/Users/kyle/hackreactor/FEC/client/src/overview/imageGallery/imageGallery.styles.js","statementMap":{"0":{"start":{"line":4,"column":34},"end":{"line":19,"column":1}}},"fnMap":{},"branchMap":{},"s":{"0":1},"f":{},"b":{},"_coverageSchema":"1a1c01bbd47fc00a2c39e90264f33305004495a9","hash":"31e77a6f2cdf8b1d7f1d7db9b6d0c799a093e1d8"}
,"/Users/kyle/hackreactor/FEC/client/src/overview/imageGallery/imageGalleryMain.jsx": {"path":"/Users/kyle/hackreactor/FEC/client/src/overview/imageGallery/imageGalleryMain.jsx","statementMap":{"0":{"start":{"line":16,"column":36},"end":{"line":16,"column":56}},"1":{"start":{"line":17,"column":86},"end":{"line":17,"column":106}},"2":{"start":{"line":18,"column":14},"end":{"line":18,"column":26}},"3":{"start":{"line":19,"column":26},"end":{"line":19,"column":41}},"4":{"start":{"line":20,"column":36},"end":{"line":20,"column":51}},"5":{"start":{"line":21,"column":30},"end":{"line":21,"column":45}},"6":{"start":{"line":23,"column":2},"end":{"line":28,"column":5}},"7":{"start":{"line":24,"column":4},"end":{"line":27,"column":5}},"8":{"start":{"line":25,"column":26},"end":{"line":25,"column":58}},"9":{"start":{"line":26,"column":6},"end":{"line":26,"column":30}},"10":{"start":{"line":30,"column":17},"end":{"line":30,"column":71}},"11":{"start":{"line":31,"column":25},"end":{"line":31,"column":77}},"12":{"start":{"line":31,"column":50},"end":{"line":31,"column":76}},"13":{"start":{"line":32,"column":25},"end":{"line":32,"column":90}},"14":{"start":{"line":34,"column":2},"end":{"line":39,"column":5}},"15":{"start":{"line":35,"column":4},"end":{"line":38,"column":5}},"16":{"start":{"line":36,"column":20},"end":{"line":36,"column":51}},"17":{"start":{"line":37,"column":6},"end":{"line":37,"column":26}},"18":{"start":{"line":41,"column":2},"end":{"line":46,"column":19}},"19":{"start":{"line":42,"column":4},"end":{"line":45,"column":5}},"20":{"start":{"line":43,"column":20},"end":{"line":43,"column":60}},"21":{"start":{"line":44,"column":6},"end":{"line":44,"column":26}},"22":{"start":{"line":50,"column":2},"end":{"line":65,"column":13}},"23":{"start":{"line":51,"column":20},"end":{"line":51,"column":31}},"24":{"start":{"line":52,"column":19},"end":{"line":55,"column":5}},"25":{"start":{"line":53,"column":6},"end":{"line":53,"column":64}},"26":{"start":{"line":54,"column":6},"end":{"line":54,"column":64}},"27":{"start":{"line":56,"column":4},"end":{"line":64,"column":5}},"28":{"start":{"line":57,"column":6},"end":{"line":57,"column":52}},"29":{"start":{"line":58,"column":6},"end":{"line":58,"column":31}},"30":{"start":{"line":60,"column":6},"end":{"line":63,"column":8}},"31":{"start":{"line":61,"column":24},"end":{"line":61,"column":35}},"32":{"start":{"line":62,"column":8},"end":{"line":62,"column":57}},"33":{"start":{"line":67,"column":31},"end":{"line":69,"column":3}},"34":{"start":{"line":68,"column":4},"end":{"line":68,"column":19}},"35":{"start":{"line":71,"column":22},"end":{"line":77,"column":3}},"36":{"start":{"line":72,"column":4},"end":{"line":75,"column":5}},"37":{"start":{"line":73,"column":6},"end":{"line":73,"column":23}},"38":{"start":{"line":74,"column":6},"end":{"line":74,"column":13}},"39":{"start":{"line":76,"column":4},"end":{"line":76,"column":50}},"40":{"start":{"line":76,"column":34},"end":{"line":76,"column":48}},"41":{"start":{"line":78,"column":21},"end":{"line":83,"column":3}},"42":{"start":{"line":79,"column":4},"end":{"line":81,"column":5}},"43":{"start":{"line":80,"column":6},"end":{"line":80,"column":40}},"44":{"start":{"line":82,"column":4},"end":{"line":82,"column":50}},"45":{"start":{"line":82,"column":34},"end":{"line":82,"column":48}},"46":{"start":{"line":84,"column":21},"end":{"line":86,"column":3}},"47":{"start":{"line":85,"column":4},"end":{"line":85,"column":18}},"48":{"start":{"line":88,"column":2},"end":{"line":95,"column":4}}},"fnMap":{"0":{"name":"ImageGalleryMain","decl":{"start":{"line":15,"column":24},"end":{"line":15,"column":40}},"loc":{"start":{"line":15,"column":43},"end":{"line":96,"column":1}},"line":15},"1":{"name":"(anonymous_1)","decl":{"start":{"line":23,"column":12},"end":{"line":23,"column":13}},"loc":{"start":{"line":23,"column":18},"end":{"line":28,"column":3}},"line":23},"2":{"name":"(anonymous_2)","decl":{"start":{"line":31,"column":39},"end":{"line":31,"column":40}},"loc":{"start":{"line":31,"column":50},"end":{"line":31,"column":76}},"line":31},"3":{"name":"(anonymous_3)","decl":{"start":{"line":34,"column":12},"end":{"line":34,"column":13}},"loc":{"start":{"line":34,"column":18},"end":{"line":39,"column":3}},"line":34},"4":{"name":"(anonymous_4)","decl":{"start":{"line":41,"column":12},"end":{"line":41,"column":13}},"loc":{"start":{"line":41,"column":18},"end":{"line":46,"column":3}},"line":41},"5":{"name":"(anonymous_5)","decl":{"start":{"line":50,"column":12},"end":{"line":50,"column":13}},"loc":{"start":{"line":50,"column":18},"end":{"line":65,"column":3}},"line":50},"6":{"name":"(anonymous_6)","decl":{"start":{"line":52,"column":19},"end":{"line":52,"column":20}},"loc":{"start":{"line":52,"column":30},"end":{"line":55,"column":5}},"line":52},"7":{"name":"(anonymous_7)","decl":{"start":{"line":60,"column":13},"end":{"line":60,"column":14}},"loc":{"start":{"line":60,"column":19},"end":{"line":63,"column":7}},"line":60},"8":{"name":"(anonymous_8)","decl":{"start":{"line":67,"column":31},"end":{"line":67,"column":32}},"loc":{"start":{"line":67,"column":37},"end":{"line":69,"column":3}},"line":67},"9":{"name":"(anonymous_9)","decl":{"start":{"line":71,"column":22},"end":{"line":71,"column":23}},"loc":{"start":{"line":71,"column":28},"end":{"line":77,"column":3}},"line":71},"10":{"name":"(anonymous_10)","decl":{"start":{"line":76,"column":18},"end":{"line":76,"column":19}},"loc":{"start":{"line":76,"column":34},"end":{"line":76,"column":48}},"line":76},"11":{"name":"(anonymous_11)","decl":{"start":{"line":78,"column":21},"end":{"line":78,"column":22}},"loc":{"start":{"line":78,"column":27},"end":{"line":83,"column":3}},"line":78},"12":{"name":"(anonymous_12)","decl":{"start":{"line":82,"column":18},"end":{"line":82,"column":19}},"loc":{"start":{"line":82,"column":34},"end":{"line":82,"column":48}},"line":82},"13":{"name":"(anonymous_13)","decl":{"start":{"line":84,"column":21},"end":{"line":84,"column":22}},"loc":{"start":{"line":84,"column":27},"end":{"line":86,"column":3}},"line":84}},"branchMap":{"0":{"loc":{"start":{"line":24,"column":4},"end":{"line":27,"column":5}},"type":"if","locations":[{"start":{"line":24,"column":4},"end":{"line":27,"column":5}},{"start":{},"end":{}}],"line":24},"1":{"loc":{"start":{"line":24,"column":8},"end":{"line":24,"column":49}},"type":"binary-expr","locations":[{"start":{"line":24,"column":8},"end":{"line":24,"column":16}},{"start":{"line":24,"column":20},"end":{"line":24,"column":32}},{"start":{"line":24,"column":36},"end":{"line":24,"column":49}}],"line":24},"2":{"loc":{"start":{"line":30,"column":17},"end":{"line":30,"column":71}},"type":"cond-expr","locations":[{"start":{"line":30,"column":46},"end":{"line":30,"column":66}},{"start":{"line":30,"column":69},"end":{"line":30,"column":71}}],"line":30},"3":{"loc":{"start":{"line":30,"column":18},"end":{"line":30,"column":42}},"type":"binary-expr","locations":[{"start":{"line":30,"column":18},"end":{"line":30,"column":26}},{"start":{"line":30,"column":30},"end":{"line":30,"column":42}}],"line":30},"4":{"loc":{"start":{"line":32,"column":25},"end":{"line":32,"column":90}},"type":"cond-expr","locations":[{"start":{"line":32,"column":55},"end":{"line":32,"column":86}},{"start":{"line":32,"column":89},"end":{"line":32,"column":90}}],"line":32},"5":{"loc":{"start":{"line":35,"column":4},"end":{"line":38,"column":5}},"type":"if","locations":[{"start":{"line":35,"column":4},"end":{"line":38,"column":5}},{"start":{},"end":{}}],"line":35},"6":{"loc":{"start":{"line":35,"column":8},"end":{"line":35,"column":53}},"type":"binary-expr","locations":[{"start":{"line":35,"column":8},"end":{"line":35,"column":33}},{"start":{"line":35,"column":37},"end":{"line":35,"column":53}}],"line":35},"7":{"loc":{"start":{"line":42,"column":4},"end":{"line":45,"column":5}},"type":"if","locations":[{"start":{"line":42,"column":4},"end":{"line":45,"column":5}},{"start":{},"end":{}}],"line":42},"8":{"loc":{"start":{"line":56,"column":4},"end":{"line":64,"column":5}},"type":"if","locations":[{"start":{"line":56,"column":4},"end":{"line":64,"column":5}},{"start":{"line":59,"column":11},"end":{"line":64,"column":5}}],"line":56},"9":{"loc":{"start":{"line":72,"column":4},"end":{"line":75,"column":5}},"type":"if","locations":[{"start":{"line":72,"column":4},"end":{"line":75,"column":5}},{"start":{},"end":{}}],"line":72},"10":{"loc":{"start":{"line":79,"column":4},"end":{"line":81,"column":5}},"type":"if","locations":[{"start":{"line":79,"column":4},"end":{"line":81,"column":5}},{"start":{},"end":{}}],"line":79},"11":{"loc":{"start":{"line":93,"column":7},"end":{"line":93,"column":164}},"type":"cond-expr","locations":[{"start":{"line":93,"column":23},"end":{"line":93,"column":106}},{"start":{"line":93,"column":109},"end":{"line":93,"column":164}}],"line":93}},"s":{"0":0,"1":0,"2":0,"3":0,"4":0,"5":0,"6":0,"7":0,"8":0,"9":0,"10":0,"11":0,"12":0,"13":0,"14":0,"15":0,"16":0,"17":0,"18":0,"19":0,"20":0,"21":0,"22":0,"23":0,"24":0,"25":0,"26":0,"27":0,"28":0,"29":0,"30":0,"31":0,"32":0,"33":0,"34":0,"35":0,"36":0,"37":0,"38":0,"39":0,"40":0,"41":0,"42":0,"43":0,"44":0,"45":0,"46":0,"47":0,"48":0},"f":{"0":0,"1":0,"2":0,"3":0,"4":0,"5":0,"6":0,"7":0,"8":0,"9":0,"10":0,"11":0,"12":0,"13":0},"b":{"0":[0,0],"1":[0,0,0],"2":[0,0],"3":[0,0],"4":[0,0],"5":[0,0],"6":[0,0],"7":[0,0],"8":[0,0],"9":[0,0],"10":[0,0],"11":[0,0]},"_coverageSchema":"1a1c01bbd47fc00a2c39e90264f33305004495a9","hash":"df41887450bbd26d18dba67733a912c52de12f2d"}
,"/Users/kyle/hackreactor/FEC/client/src/overview/imageGallery/imageGalleryMain.styles.js": {"path":"/Users/kyle/hackreactor/FEC/client/src/overview/imageGallery/imageGalleryMain.styles.js","statementMap":{"0":{"start":{"line":4,"column":25},"end":{"line":48,"column":1}},"1":{"start":{"line":49,"column":32},"end":{"line":69,"column":1}},"2":{"start":{"line":56,"column":37},"end":{"line":56,"column":48}},"3":{"start":{"line":70,"column":29},"end":{"line":85,"column":1}},"4":{"start":{"line":72,"column":39},"end":{"line":72,"column":50}}},"fnMap":{"0":{"name":"(anonymous_0)","decl":{"start":{"line":56,"column":26},"end":{"line":56,"column":27}},"loc":{"start":{"line":56,"column":37},"end":{"line":56,"column":48}},"line":56},"1":{"name":"(anonymous_1)","decl":{"start":{"line":72,"column":28},"end":{"line":72,"column":29}},"loc":{"start":{"line":72,"column":39},"end":{"line":72,"column":50}},"line":72}},"branchMap":{},"s":{"0":1,"1":1,"2":0,"3":1,"4":0},"f":{"0":0,"1":0},"b":{},"_coverageSchema":"1a1c01bbd47fc00a2c39e90264f33305004495a9","hash":"a550a3b26220098867e45d256638e103c5b38754"}
,"/Users/kyle/hackreactor/FEC/client/src/overview/imageGallery/imageGallery_thumbnailScroll.jsx": {"path":"/Users/kyle/hackreactor/FEC/client/src/overview/imageGallery/imageGallery_thumbnailScroll.jsx","statementMap":{"0":{"start":{"line":12,"column":36},"end":{"line":12,"column":56}},"1":{"start":{"line":15,"column":6},"end":{"line":15,"column":26}},"2":{"start":{"line":16,"column":42},"end":{"line":16,"column":54}},"3":{"start":{"line":17,"column":2},"end":{"line":22,"column":9}},"4":{"start":{"line":18,"column":4},"end":{"line":21,"column":5}},"5":{"start":{"line":19,"column":26},"end":{"line":19,"column":58}},"6":{"start":{"line":20,"column":6},"end":{"line":20,"column":30}},"7":{"start":{"line":24,"column":17},"end":{"line":24,"column":71}},"8":{"start":{"line":25,"column":25},"end":{"line":25,"column":77}},"9":{"start":{"line":25,"column":50},"end":{"line":25,"column":76}},"10":{"start":{"line":27,"column":2},"end":{"line":33,"column":5}},"11":{"start":{"line":28,"column":4},"end":{"line":32,"column":1}},"12":{"start":{"line":29,"column":24},"end":{"line":29,"column":48}},"13":{"start":{"line":30,"column":6},"end":{"line":30,"column":50}},"14":{"start":{"line":31,"column":6},"end":{"line":31,"column":31}},"15":{"start":{"line":37,"column":2},"end":{"line":47,"column":4}},"16":{"start":{"line":42,"column":12},"end":{"line":42,"column":121}}},"fnMap":{"0":{"name":"ImageGalleryThumbnailScroll","decl":{"start":{"line":11,"column":24},"end":{"line":11,"column":51}},"loc":{"start":{"line":11,"column":54},"end":{"line":48,"column":1}},"line":11},"1":{"name":"(anonymous_1)","decl":{"start":{"line":17,"column":12},"end":{"line":17,"column":13}},"loc":{"start":{"line":17,"column":18},"end":{"line":22,"column":3}},"line":17},"2":{"name":"(anonymous_2)","decl":{"start":{"line":25,"column":39},"end":{"line":25,"column":40}},"loc":{"start":{"line":25,"column":50},"end":{"line":25,"column":76}},"line":25},"3":{"name":"(anonymous_3)","decl":{"start":{"line":27,"column":12},"end":{"line":27,"column":13}},"loc":{"start":{"line":27,"column":18},"end":{"line":33,"column":3}},"line":27},"4":{"name":"(anonymous_4)","decl":{"start":{"line":41,"column":40},"end":{"line":41,"column":41}},"loc":{"start":{"line":41,"column":58},"end":{"line":43,"column":11}},"line":41}},"branchMap":{"0":{"loc":{"start":{"line":18,"column":4},"end":{"line":21,"column":5}},"type":"if","locations":[{"start":{"line":18,"column":4},"end":{"line":21,"column":5}},{"start":{},"end":{}}],"line":18},"1":{"loc":{"start":{"line":18,"column":8},"end":{"line":18,"column":32}},"type":"binary-expr","locations":[{"start":{"line":18,"column":8},"end":{"line":18,"column":16}},{"start":{"line":18,"column":20},"end":{"line":18,"column":32}}],"line":18},"2":{"loc":{"start":{"line":24,"column":17},"end":{"line":24,"column":71}},"type":"cond-expr","locations":[{"start":{"line":24,"column":46},"end":{"line":24,"column":66}},{"start":{"line":24,"column":69},"end":{"line":24,"column":71}}],"line":24},"3":{"loc":{"start":{"line":24,"column":18},"end":{"line":24,"column":42}},"type":"binary-expr","locations":[{"start":{"line":24,"column":18},"end":{"line":24,"column":26}},{"start":{"line":24,"column":30},"end":{"line":24,"column":42}}],"line":24},"4":{"loc":{"start":{"line":28,"column":4},"end":{"line":32,"column":1}},"type":"if","locations":[{"start":{"line":28,"column":4},"end":{"line":32,"column":1}},{"start":{},"end":{}}],"line":28},"5":{"loc":{"start":{"line":28,"column":8},"end":{"line":28,"column":54}},"type":"binary-expr","locations":[{"start":{"line":28,"column":8},"end":{"line":28,"column":33}},{"start":{"line":28,"column":37},"end":{"line":28,"column":54}}],"line":28},"6":{"loc":{"start":{"line":41,"column":11},"end":{"line":43,"column":12}},"type":"binary-expr","locations":[{"start":{"line":41,"column":11},"end":{"line":41,"column":21}},{"start":{"line":41,"column":25},"end":{"line":43,"column":12}}],"line":41}},"s":{"0":0,"1":0,"2":0,"3":0,"4":0,"5":0,"6":0,"7":0,"8":0,"9":0,"10":0,"11":0,"12":0,"13":0,"14":0,"15":0,"16":0},"f":{"0":0,"1":0,"2":0,"3":0,"4":0},"b":{"0":[0,0],"1":[0,0],"2":[0,0],"3":[0,0],"4":[0,0],"5":[0,0],"6":[0,0]},"_coverageSchema":"1a1c01bbd47fc00a2c39e90264f33305004495a9","hash":"ee9fa7bed6f0224b592f082d11baafb56e157418"}
,"/Users/kyle/hackreactor/FEC/client/src/overview/imageGallery/imageGallery_thumbnails.jsx": {"path":"/Users/kyle/hackreactor/FEC/client/src/overview/imageGallery/imageGallery_thumbnails.jsx","statementMap":{"0":{"start":{"line":8,"column":75},"end":{"line":8,"column":95}},"1":{"start":{"line":9,"column":32},"end":{"line":9,"column":47}},"2":{"start":{"line":10,"column":2},"end":{"line":12,"column":19}},"3":{"start":{"line":11,"column":4},"end":{"line":11,"column":40}},"4":{"start":{"line":14,"column":27},"end":{"line":19,"column":3}},"5":{"start":{"line":15,"column":4},"end":{"line":15,"column":21}},"6":{"start":{"line":16,"column":4},"end":{"line":16,"column":19}},"7":{"start":{"line":17,"column":4},"end":{"line":17,"column":28}},"8":{"start":{"line":20,"column":2},"end":{"line":25,"column":4}}},"fnMap":{"0":{"name":"ImageGalleryThumbnails","decl":{"start":{"line":7,"column":24},"end":{"line":7,"column":46}},"loc":{"start":{"line":7,"column":72},"end":{"line":26,"column":1}},"line":7},"1":{"name":"(anonymous_1)","decl":{"start":{"line":10,"column":12},"end":{"line":10,"column":13}},"loc":{"start":{"line":10,"column":18},"end":{"line":12,"column":3}},"line":10},"2":{"name":"(anonymous_2)","decl":{"start":{"line":14,"column":27},"end":{"line":14,"column":28}},"loc":{"start":{"line":14,"column":33},"end":{"line":19,"column":3}},"line":14}},"branchMap":{"0":{"loc":{"start":{"line":23,"column":7},"end":{"line":23,"column":83}},"type":"cond-expr","locations":[{"start":{"line":23,"column":17},"end":{"line":23,"column":76}},{"start":{"line":23,"column":79},"end":{"line":23,"column":83}}],"line":23}},"s":{"0":0,"1":0,"2":0,"3":0,"4":0,"5":0,"6":0,"7":0,"8":0},"f":{"0":0,"1":0,"2":0},"b":{"0":[0,0]},"_coverageSchema":"1a1c01bbd47fc00a2c39e90264f33305004495a9","hash":"b4873f5e953aff848a28b3e57dc6206511840c8c"}
,"/Users/kyle/hackreactor/FEC/client/src/overview/imageGallery/imageGallery_thumbnails.styles.js": {"path":"/Users/kyle/hackreactor/FEC/client/src/overview/imageGallery/imageGallery_thumbnails.styles.js","statementMap":{"0":{"start":{"line":4,"column":37},"end":{"line":9,"column":1}},"1":{"start":{"line":11,"column":28},"end":{"line":22,"column":1}},"2":{"start":{"line":24,"column":26},"end":{"line":37,"column":1}},"3":{"start":{"line":26,"column":37},"end":{"line":26,"column":48}}},"fnMap":{"0":{"name":"(anonymous_0)","decl":{"start":{"line":26,"column":26},"end":{"line":26,"column":27}},"loc":{"start":{"line":26,"column":37},"end":{"line":26,"column":48}},"line":26}},"branchMap":{},"s":{"0":1,"1":1,"2":1,"3":0},"f":{"0":0},"b":{},"_coverageSchema":"1a1c01bbd47fc00a2c39e90264f33305004495a9","hash":"b6e52fbccb1a692320eebeaaadecb9562de1c531"}
,"/Users/kyle/hackreactor/FEC/client/src/overview/productInformation/productInformation.jsx": {"path":"/Users/kyle/hackreactor/FEC/client/src/overview/productInformation/productInformation.jsx","statementMap":{"0":{"start":{"line":6,"column":36},"end":{"line":6,"column":56}},"1":{"start":{"line":8,"column":2},"end":{"line":10,"column":3}},"2":{"start":{"line":9,"column":4},"end":{"line":9,"column":30}},"3":{"start":{"line":12,"column":2},"end":{"line":18,"column":4}}},"fnMap":{"0":{"name":"ProductInformation","decl":{"start":{"line":5,"column":24},"end":{"line":5,"column":42}},"loc":{"start":{"line":5,"column":45},"end":{"line":19,"column":1}},"line":5}},"branchMap":{"0":{"loc":{"start":{"line":8,"column":2},"end":{"line":10,"column":3}},"type":"if","locations":[{"start":{"line":8,"column":2},"end":{"line":10,"column":3}},{"start":{},"end":{}}],"line":8},"1":{"loc":{"start":{"line":8,"column":6},"end":{"line":8,"column":30}},"type":"binary-expr","locations":[{"start":{"line":8,"column":6},"end":{"line":8,"column":13}},{"start":{"line":8,"column":17},"end":{"line":8,"column":30}}],"line":8}},"s":{"0":0,"1":0,"2":0,"3":0},"f":{"0":0},"b":{"0":[0,0],"1":[0,0]},"_coverageSchema":"1a1c01bbd47fc00a2c39e90264f33305004495a9","hash":"b247a52c7cd8c85923862c9144e9f8a728f6fd80"}
,"/Users/kyle/hackreactor/FEC/client/src/overview/productInformation/productInformation.styles.js": {"path":"/Users/kyle/hackreactor/FEC/client/src/overview/productInformation/productInformation.styles.js","statementMap":{"0":{"start":{"line":4,"column":43},"end":{"line":25,"column":1}}},"fnMap":{},"branchMap":{},"s":{"0":1},"f":{},"b":{},"_coverageSchema":"1a1c01bbd47fc00a2c39e90264f33305004495a9","hash":"3d5958f742dd5bc632c4a152f5064e46d5f480a9"}
,"/Users/kyle/hackreactor/FEC/client/src/overview/productsOverview/productsOverview.jsx": {"path":"/Users/kyle/hackreactor/FEC/client/src/overview/productsOverview/productsOverview.jsx","statementMap":{"0":{"start":{"line":14,"column":2},"end":{"line":34,"column":4}}},"fnMap":{"0":{"name":"ProductsOverview","decl":{"start":{"line":13,"column":24},"end":{"line":13,"column":40}},"loc":{"start":{"line":13,"column":43},"end":{"line":35,"column":1}},"line":13}},"branchMap":{},"s":{"0":0},"f":{"0":0},"b":{},"_coverageSchema":"1a1c01bbd47fc00a2c39e90264f33305004495a9","hash":"74430004670378589a905d03210e85197cdc1fc6"}
,"/Users/kyle/hackreactor/FEC/client/src/overview/productsOverview/productsOverview.styles.js": {"path":"/Users/kyle/hackreactor/FEC/client/src/overview/productsOverview/productsOverview.styles.js","statementMap":{"0":{"start":{"line":4,"column":31},"end":{"line":13,"column":1}},"1":{"start":{"line":15,"column":31},"end":{"line":25,"column":1}},"2":{"start":{"line":27,"column":30},"end":{"line":36,"column":1}},"3":{"start":{"line":38,"column":40},"end":{"line":49,"column":1}},"4":{"start":{"line":51,"column":39},"end":{"line":56,"column":1}}},"fnMap":{},"branchMap":{},"s":{"0":1,"1":1,"2":1,"3":1,"4":1},"f":{},"b":{},"_coverageSchema":"1a1c01bbd47fc00a2c39e90264f33305004495a9","hash":"7ad3781b4fc5d43226d5fb734e72838829718c8c"}
,"/Users/kyle/hackreactor/FEC/client/src/overview/starRating/starRating.jsx": {"path":"/Users/kyle/hackreactor/FEC/client/src/overview/starRating/starRating.jsx","statementMap":{"0":{"start":{"line":6,"column":33},"end":{"line":6,"column":53}},"1":{"start":{"line":7,"column":15},"end":{"line":7,"column":70}},"2":{"start":{"line":9,"column":2},"end":{"line":13,"column":4}}},"fnMap":{"0":{"name":"StarRating","decl":{"start":{"line":5,"column":24},"end":{"line":5,"column":34}},"loc":{"start":{"line":5,"column":37},"end":{"line":14,"column":1}},"line":5}},"branchMap":{},"s":{"0":0,"1":0,"2":0},"f":{"0":0},"b":{},"_coverageSchema":"1a1c01bbd47fc00a2c39e90264f33305004495a9","hash":"6853cb86a9fe2903587457fffd1d4deb2d5de090"}
,"/Users/kyle/hackreactor/FEC/client/src/overview/starRating/starRating.styles.js": {"path":"/Users/kyle/hackreactor/FEC/client/src/overview/starRating/starRating.styles.js","statementMap":{"0":{"start":{"line":5,"column":36},"end":{"line":29,"column":1}}},"fnMap":{},"branchMap":{},"s":{"0":1},"f":{},"b":{},"_coverageSchema":"1a1c01bbd47fc00a2c39e90264f33305004495a9","hash":"f01ec1035f06e9952982cc71846e516c1afcd147"}
,"/Users/kyle/hackreactor/FEC/client/src/overview/styleSelector/styleSelector.jsx": {"path":"/Users/kyle/hackreactor/FEC/client/src/overview/styleSelector/styleSelector.jsx","statementMap":{"0":{"start":{"line":14,"column":36},"end":{"line":14,"column":56}},"1":{"start":{"line":17,"column":6},"end":{"line":17,"column":26}},"2":{"start":{"line":20,"column":2},"end":{"line":25,"column":9}},"3":{"start":{"line":21,"column":4},"end":{"line":24,"column":5}},"4":{"start":{"line":22,"column":26},"end":{"line":22,"column":58}},"5":{"start":{"line":23,"column":6},"end":{"line":23,"column":30}},"6":{"start":{"line":27,"column":17},"end":{"line":27,"column":71}},"7":{"start":{"line":28,"column":25},"end":{"line":28,"column":77}},"8":{"start":{"line":28,"column":50},"end":{"line":28,"column":76}},"9":{"start":{"line":31,"column":2},"end":{"line":35,"column":5}},"10":{"start":{"line":32,"column":4},"end":{"line":34,"column":5}},"11":{"start":{"line":33,"column":6},"end":{"line":33,"column":43}},"12":{"start":{"line":36,"column":24},"end":{"line":36,"column":103}},"13":{"start":{"line":37,"column":20},"end":{"line":37,"column":128}},"14":{"start":{"line":39,"column":2},"end":{"line":63,"column":4}},"15":{"start":{"line":55,"column":10},"end":{"line":59,"column":13}}},"fnMap":{"0":{"name":"styleSelector","decl":{"start":{"line":13,"column":24},"end":{"line":13,"column":37}},"loc":{"start":{"line":13,"column":40},"end":{"line":64,"column":1}},"line":13},"1":{"name":"(anonymous_1)","decl":{"start":{"line":20,"column":12},"end":{"line":20,"column":13}},"loc":{"start":{"line":20,"column":18},"end":{"line":25,"column":3}},"line":20},"2":{"name":"(anonymous_2)","decl":{"start":{"line":28,"column":39},"end":{"line":28,"column":40}},"loc":{"start":{"line":28,"column":50},"end":{"line":28,"column":76}},"line":28},"3":{"name":"(anonymous_3)","decl":{"start":{"line":31,"column":12},"end":{"line":31,"column":13}},"loc":{"start":{"line":31,"column":18},"end":{"line":35,"column":3}},"line":31},"4":{"name":"(anonymous_4)","decl":{"start":{"line":54,"column":46},"end":{"line":54,"column":47}},"loc":{"start":{"line":54,"column":57},"end":{"line":60,"column":9}},"line":54}},"branchMap":{"0":{"loc":{"start":{"line":21,"column":4},"end":{"line":24,"column":5}},"type":"if","locations":[{"start":{"line":21,"column":4},"end":{"line":24,"column":5}},{"start":{},"end":{}}],"line":21},"1":{"loc":{"start":{"line":21,"column":8},"end":{"line":21,"column":32}},"type":"binary-expr","locations":[{"start":{"line":21,"column":8},"end":{"line":21,"column":16}},{"start":{"line":21,"column":20},"end":{"line":21,"column":32}}],"line":21},"2":{"loc":{"start":{"line":27,"column":17},"end":{"line":27,"column":71}},"type":"cond-expr","locations":[{"start":{"line":27,"column":46},"end":{"line":27,"column":66}},{"start":{"line":27,"column":69},"end":{"line":27,"column":71}}],"line":27},"3":{"loc":{"start":{"line":27,"column":18},"end":{"line":27,"column":42}},"type":"binary-expr","locations":[{"start":{"line":27,"column":18},"end":{"line":27,"column":26}},{"start":{"line":27,"column":30},"end":{"line":27,"column":42}}],"line":27},"4":{"loc":{"start":{"line":32,"column":4},"end":{"line":34,"column":5}},"type":"if","locations":[{"start":{"line":32,"column":4},"end":{"line":34,"column":5}},{"start":{},"end":{}}],"line":32},"5":{"loc":{"start":{"line":32,"column":8},"end":{"line":32,"column":53}},"type":"binary-expr","locations":[{"start":{"line":32,"column":8},"end":{"line":32,"column":33}},{"start":{"line":32,"column":37},"end":{"line":32,"column":53}}],"line":32},"6":{"loc":{"start":{"line":36,"column":24},"end":{"line":36,"column":103}},"type":"cond-expr","locations":[{"start":{"line":36,"column":66},"end":{"line":36,"column":98}},{"start":{"line":36,"column":101},"end":{"line":36,"column":103}}],"line":36},"7":{"loc":{"start":{"line":36,"column":25},"end":{"line":36,"column":62}},"type":"binary-expr","locations":[{"start":{"line":36,"column":25},"end":{"line":36,"column":33}},{"start":{"line":36,"column":37},"end":{"line":36,"column":62}}],"line":36},"8":{"loc":{"start":{"line":37,"column":20},"end":{"line":37,"column":128}},"type":"cond-expr","locations":[{"start":{"line":37,"column":93},"end":{"line":37,"column":121}},{"start":{"line":37,"column":124},"end":{"line":37,"column":128}}],"line":37},"9":{"loc":{"start":{"line":37,"column":21},"end":{"line":37,"column":89}},"type":"binary-expr","locations":[{"start":{"line":37,"column":21},"end":{"line":37,"column":46}},{"start":{"line":37,"column":51},"end":{"line":37,"column":88}}],"line":37},"10":{"loc":{"start":{"line":42,"column":9},"end":{"line":47,"column":40}},"type":"cond-expr","locations":[{"start":{"line":43,"column":12},"end":{"line":46,"column":18}},{"start":{"line":47,"column":12},"end":{"line":47,"column":40}}],"line":42},"11":{"loc":{"start":{"line":42,"column":9},"end":{"line":42,"column":30}},"type":"binary-expr","locations":[{"start":{"line":42,"column":9},"end":{"line":42,"column":17}},{"start":{"line":42,"column":21},"end":{"line":42,"column":30}}],"line":42},"12":{"loc":{"start":{"line":54,"column":9},"end":{"line":60,"column":10}},"type":"binary-expr","locations":[{"start":{"line":54,"column":9},"end":{"line":54,"column":17}},{"start":{"line":54,"column":21},"end":{"line":60,"column":10}}],"line":54}},"s":{"0":0,"1":0,"2":0,"3":0,"4":0,"5":0,"6":0,"7":0,"8":0,"9":0,"10":0,"11":0,"12":0,"13":0,"14":0,"15":0},"f":{"0":0,"1":0,"2":0,"3":0,"4":0},"b":{"0":[0,0],"1":[0,0],"2":[0,0],"3":[0,0],"4":[0,0],"5":[0,0],"6":[0,0],"7":[0,0],"8":[0,0],"9":[0,0],"10":[0,0],"11":[0,0],"12":[0,0]},"_coverageSchema":"1a1c01bbd47fc00a2c39e90264f33305004495a9","hash":"c6c4eab2d84f1d70615302152f399479d33e2dc6"}
,"/Users/kyle/hackreactor/FEC/client/src/overview/styleSelector/styleSelector.styles.js": {"path":"/Users/kyle/hackreactor/FEC/client/src/overview/styleSelector/styleSelector.styles.js","statementMap":{"0":{"start":{"line":4,"column":37},"end":{"line":25,"column":1}},"1":{"start":{"line":26,"column":38},"end":{"line":39,"column":1}}},"fnMap":{},"branchMap":{},"s":{"0":1,"1":1},"f":{},"b":{},"_coverageSchema":"1a1c01bbd47fc00a2c39e90264f33305004495a9","hash":"f47c07fdf7aa5f74ce4a9607448e9d89ac20eed4"}
,"/Users/kyle/hackreactor/FEC/client/src/overview/styleSelector/styleSelectorThumbs.styles.js": {"path":"/Users/kyle/hackreactor/FEC/client/src/overview/styleSelector/styleSelectorThumbs.styles.js","statementMap":{"0":{"start":{"line":4,"column":28},"end":{"line":7,"column":1}},"1":{"start":{"line":8,"column":26},"end":{"line":30,"column":1}},"2":{"start":{"line":11,"column":37},"end":{"line":11,"column":48}}},"fnMap":{"0":{"name":"(anonymous_0)","decl":{"start":{"line":11,"column":26},"end":{"line":11,"column":27}},"loc":{"start":{"line":11,"column":37},"end":{"line":11,"column":48}},"line":11}},"branchMap":{},"s":{"0":1,"1":1,"2":0},"f":{"0":0},"b":{},"_coverageSchema":"1a1c01bbd47fc00a2c39e90264f33305004495a9","hash":"52525e0e93b77935108b1cffb071632912b3cabd"}
,"/Users/kyle/hackreactor/FEC/client/src/overview/styleSelector/styleThumbsRender.jsx": {"path":"/Users/kyle/hackreactor/FEC/client/src/overview/styleSelector/styleThumbsRender.jsx","statementMap":{"0":{"start":{"line":9,"column":6},"end":{"line":9,"column":26}},"1":{"start":{"line":10,"column":32},"end":{"line":10,"column":47}},"2":{"start":{"line":12,"column":2},"end":{"line":14,"column":16}},"3":{"start":{"line":13,"column":4},"end":{"line":13,"column":31}},"4":{"start":{"line":16,"column":27},"end":{"line":21,"column":3}},"5":{"start":{"line":17,"column":4},"end":{"line":17,"column":21}},"6":{"start":{"line":18,"column":4},"end":{"line":18,"column":21}},"7":{"start":{"line":19,"column":4},"end":{"line":19,"column":22}},"8":{"start":{"line":20,"column":4},"end":{"line":20,"column":19}},"9":{"start":{"line":23,"column":2},"end":{"line":30,"column":4}}},"fnMap":{"0":{"name":"StyleThumbsRender","decl":{"start":{"line":6,"column":24},"end":{"line":6,"column":41}},"loc":{"start":{"line":6,"column":57},"end":{"line":31,"column":1}},"line":6},"1":{"name":"(anonymous_1)","decl":{"start":{"line":12,"column":12},"end":{"line":12,"column":13}},"loc":{"start":{"line":12,"column":18},"end":{"line":14,"column":3}},"line":12},"2":{"name":"(anonymous_2)","decl":{"start":{"line":16,"column":27},"end":{"line":16,"column":28}},"loc":{"start":{"line":16,"column":33},"end":{"line":21,"column":3}},"line":16}},"branchMap":{"0":{"loc":{"start":{"line":28,"column":7},"end":{"line":28,"column":75}},"type":"cond-expr","locations":[{"start":{"line":28,"column":17},"end":{"line":28,"column":65}},{"start":{"line":28,"column":68},"end":{"line":28,"column":75}}],"line":28}},"s":{"0":0,"1":0,"2":0,"3":0,"4":0,"5":0,"6":0,"7":0,"8":0,"9":0},"f":{"0":0,"1":0,"2":0},"b":{"0":[0,0]},"_coverageSchema":"1a1c01bbd47fc00a2c39e90264f33305004495a9","hash":"3ebbdb967784794c13387ae22f44058b7c2340ee"}
,"/Users/kyle/hackreactor/FEC/client/src/questionsAnswers/answerQuestionForm.jsx": {"path":"/Users/kyle/hackreactor/FEC/client/src/questionsAnswers/answerQuestionForm.jsx","statementMap":{"0":{"start":{"line":7,"column":36},"end":{"line":7,"column":56}},"1":{"start":{"line":8,"column":30},"end":{"line":12,"column":4}},"2":{"start":{"line":14,"column":23},"end":{"line":17,"column":3}},"3":{"start":{"line":15,"column":4},"end":{"line":15,"column":43}},"4":{"start":{"line":16,"column":4},"end":{"line":16,"column":29}},"5":{"start":{"line":19,"column":2},"end":{"line":21,"column":3}},"6":{"start":{"line":20,"column":4},"end":{"line":20,"column":22}},"7":{"start":{"line":23,"column":29},"end":{"line":34,"column":3}},"8":{"start":{"line":24,"column":4},"end":{"line":24,"column":39}},"9":{"start":{"line":25,"column":4},"end":{"line":31,"column":9}},"10":{"start":{"line":27,"column":8},"end":{"line":27,"column":53}},"11":{"start":{"line":30,"column":8},"end":{"line":30,"column":47}},"12":{"start":{"line":32,"column":4},"end":{"line":32,"column":27}},"13":{"start":{"line":33,"column":4},"end":{"line":33,"column":23}},"14":{"start":{"line":36,"column":2},"end":{"line":66,"column":4}},"15":{"start":{"line":37,"column":43},"end":{"line":37,"column":66}},"16":{"start":{"line":38,"column":69},"end":{"line":38,"column":89}},"17":{"start":{"line":47,"column":78},"end":{"line":47,"column":94}},"18":{"start":{"line":51,"column":90},"end":{"line":51,"column":106}},"19":{"start":{"line":55,"column":105},"end":{"line":55,"column":121}}},"fnMap":{"0":{"name":"AnswerModal","decl":{"start":{"line":6,"column":9},"end":{"line":6,"column":20}},"loc":{"start":{"line":6,"column":55},"end":{"line":67,"column":1}},"line":6},"1":{"name":"(anonymous_1)","decl":{"start":{"line":14,"column":23},"end":{"line":14,"column":24}},"loc":{"start":{"line":14,"column":30},"end":{"line":17,"column":3}},"line":14},"2":{"name":"(anonymous_2)","decl":{"start":{"line":23,"column":29},"end":{"line":23,"column":30}},"loc":{"start":{"line":23,"column":36},"end":{"line":34,"column":3}},"line":23},"3":{"name":"(anonymous_3)","decl":{"start":{"line":26,"column":12},"end":{"line":26,"column":13}},"loc":{"start":{"line":26,"column":18},"end":{"line":28,"column":7}},"line":26},"4":{"name":"(anonymous_4)","decl":{"start":{"line":29,"column":13},"end":{"line":29,"column":14}},"loc":{"start":{"line":29,"column":19},"end":{"line":31,"column":7}},"line":29},"5":{"name":"(anonymous_5)","decl":{"start":{"line":37,"column":35},"end":{"line":37,"column":36}},"loc":{"start":{"line":37,"column":41},"end":{"line":37,"column":68}},"line":37},"6":{"name":"(anonymous_6)","decl":{"start":{"line":38,"column":60},"end":{"line":38,"column":61}},"loc":{"start":{"line":38,"column":67},"end":{"line":38,"column":91}},"line":38},"7":{"name":"(anonymous_7)","decl":{"start":{"line":47,"column":69},"end":{"line":47,"column":70}},"loc":{"start":{"line":47,"column":76},"end":{"line":47,"column":96}},"line":47},"8":{"name":"(anonymous_8)","decl":{"start":{"line":51,"column":81},"end":{"line":51,"column":82}},"loc":{"start":{"line":51,"column":88},"end":{"line":51,"column":108}},"line":51},"9":{"name":"(anonymous_9)","decl":{"start":{"line":55,"column":96},"end":{"line":55,"column":97}},"loc":{"start":{"line":55,"column":103},"end":{"line":55,"column":123}},"line":55}},"branchMap":{"0":{"loc":{"start":{"line":19,"column":2},"end":{"line":21,"column":3}},"type":"if","locations":[{"start":{"line":19,"column":2},"end":{"line":21,"column":3}},{"start":{},"end":{}}],"line":19}},"s":{"0":0,"1":0,"2":0,"3":0,"4":0,"5":0,"6":0,"7":0,"8":0,"9":0,"10":0,"11":0,"12":0,"13":0,"14":0,"15":0,"16":0,"17":0,"18":0,"19":0},"f":{"0":0,"1":0,"2":0,"3":0,"4":0,"5":0,"6":0,"7":0,"8":0,"9":0},"b":{"0":[0,0]},"_coverageSchema":"1a1c01bbd47fc00a2c39e90264f33305004495a9","hash":"367a0fd883e81bc6b2d7130d07d95a8b3c7e89a7"}
,"/Users/kyle/hackreactor/FEC/client/src/questionsAnswers/background.style.js": {"path":"/Users/kyle/hackreactor/FEC/client/src/questionsAnswers/background.style.js","statementMap":{"0":{"start":{"line":3,"column":36},"end":{"line":12,"column":1}},"1":{"start":{"line":14,"column":32},"end":{"line":24,"column":1}},"2":{"start":{"line":18,"column":23},"end":{"line":18,"column":35}},"3":{"start":{"line":20,"column":22},"end":{"line":20,"column":33}}},"fnMap":{"0":{"name":"(anonymous_0)","decl":{"start":{"line":18,"column":12},"end":{"line":18,"column":13}},"loc":{"start":{"line":18,"column":23},"end":{"line":18,"column":35}},"line":18},"1":{"name":"(anonymous_1)","decl":{"start":{"line":20,"column":11},"end":{"line":20,"column":12}},"loc":{"start":{"line":20,"column":22},"end":{"line":20,"column":33}},"line":20}},"branchMap":{},"s":{"0":1,"1":1,"2":0,"3":0},"f":{"0":0,"1":0},"b":{},"_coverageSchema":"1a1c01bbd47fc00a2c39e90264f33305004495a9","hash":"1aa453644eb90d97089794b5573976bb134a3e06"}
,"/Users/kyle/hackreactor/FEC/client/src/questionsAnswers/qa.jsx": {"path":"/Users/kyle/hackreactor/FEC/client/src/questionsAnswers/qa.jsx","statementMap":{"0":{"start":{"line":8,"column":28},"end":{"line":8,"column":40}},"1":{"start":{"line":9,"column":36},"end":{"line":9,"column":51}},"2":{"start":{"line":10,"column":44},"end":{"line":10,"column":59}},"3":{"start":{"line":11,"column":37},"end":{"line":11,"column":57}},"4":{"start":{"line":12,"column":2},"end":{"line":14,"column":3}},"5":{"start":{"line":13,"column":4},"end":{"line":13,"column":21}},"6":{"start":{"line":15,"column":30},"end":{"line":17,"column":3}},"7":{"start":{"line":16,"column":4},"end":{"line":16,"column":37}},"8":{"start":{"line":18,"column":23},"end":{"line":20,"column":3}},"9":{"start":{"line":19,"column":22},"end":{"line":19,"column":43}},"10":{"start":{"line":21,"column":20},"end":{"line":25,"column":3}},"11":{"start":{"line":22,"column":4},"end":{"line":22,"column":24}},"12":{"start":{"line":23,"column":4},"end":{"line":23,"column":28}},"13":{"start":{"line":24,"column":4},"end":{"line":24,"column":35}},"14":{"start":{"line":27,"column":2},"end":{"line":69,"column":4}},"15":{"start":{"line":34,"column":27},"end":{"line":34,"column":56}},"16":{"start":{"line":43,"column":18},"end":{"line":48,"column":20}},"17":{"start":{"line":52,"column":16},"end":{"line":57,"column":18}}},"fnMap":{"0":{"name":"QA","decl":{"start":{"line":7,"column":9},"end":{"line":7,"column":11}},"loc":{"start":{"line":7,"column":49},"end":{"line":70,"column":1}},"line":7},"1":{"name":"(anonymous_1)","decl":{"start":{"line":15,"column":30},"end":{"line":15,"column":31}},"loc":{"start":{"line":15,"column":36},"end":{"line":17,"column":3}},"line":15},"2":{"name":"(anonymous_2)","decl":{"start":{"line":18,"column":23},"end":{"line":18,"column":24}},"loc":{"start":{"line":18,"column":29},"end":{"line":20,"column":3}},"line":18},"3":{"name":"(anonymous_3)","decl":{"start":{"line":21,"column":20},"end":{"line":21,"column":21}},"loc":{"start":{"line":21,"column":27},"end":{"line":25,"column":3}},"line":21},"4":{"name":"(anonymous_4)","decl":{"start":{"line":34,"column":18},"end":{"line":34,"column":19}},"loc":{"start":{"line":34,"column":25},"end":{"line":34,"column":58}},"line":34},"5":{"name":"(anonymous_5)","decl":{"start":{"line":42,"column":21},"end":{"line":42,"column":22}},"loc":{"start":{"line":43,"column":18},"end":{"line":48,"column":20}},"line":43},"6":{"name":"(anonymous_6)","decl":{"start":{"line":51,"column":40},"end":{"line":51,"column":41}},"loc":{"start":{"line":52,"column":16},"end":{"line":57,"column":18}},"line":52}},"branchMap":{"0":{"loc":{"start":{"line":12,"column":2},"end":{"line":14,"column":3}},"type":"if","locations":[{"start":{"line":12,"column":2},"end":{"line":14,"column":3}},{"start":{},"end":{}}],"line":12},"1":{"loc":{"start":{"line":37,"column":8},"end":{"line":61,"column":9}},"type":"cond-expr","locations":[{"start":{"line":37,"column":20},"end":{"line":37,"column":37}},{"start":{"line":39,"column":10},"end":{"line":60,"column":15}}],"line":37},"2":{"loc":{"start":{"line":40,"column":14},"end":{"line":59,"column":13}},"type":"cond-expr","locations":[{"start":{"line":41,"column":14},"end":{"line":49,"column":18}},{"start":{"line":51,"column":14},"end":{"line":58,"column":16}}],"line":40},"3":{"loc":{"start":{"line":64,"column":10},"end":{"line":65,"column":47}},"type":"cond-expr","locations":[{"start":{"line":64,"column":27},"end":{"line":64,"column":50}},{"start":{"line":65,"column":13},"end":{"line":65,"column":46}}],"line":64}},"s":{"0":1,"1":1,"2":1,"3":1,"4":1,"5":0,"6":1,"7":0,"8":1,"9":0,"10":1,"11":0,"12":0,"13":0,"14":1,"15":0,"16":2,"17":0},"f":{"0":1,"1":0,"2":0,"3":0,"4":0,"5":2,"6":0},"b":{"0":[0,1],"1":[0,1],"2":[1,0],"3":[0,1]},"_coverageSchema":"1a1c01bbd47fc00a2c39e90264f33305004495a9","hash":"4e73efc4841dd0ae5860f88bef5e33564beabe67"}
,"/Users/kyle/hackreactor/FEC/client/src/questionsAnswers/questionForm.jsx": {"path":"/Users/kyle/hackreactor/FEC/client/src/questionsAnswers/questionForm.jsx","statementMap":{"0":{"start":{"line":7,"column":37},"end":{"line":7,"column":57}},"1":{"start":{"line":8,"column":20},"end":{"line":8,"column":56}},"2":{"start":{"line":10,"column":2},"end":{"line":14,"column":3}},"3":{"start":{"line":11,"column":4},"end":{"line":13,"column":6}},"4":{"start":{"line":16,"column":23},"end":{"line":37,"column":3}},"5":{"start":{"line":17,"column":4},"end":{"line":17,"column":23}},"6":{"start":{"line":18,"column":20},"end":{"line":18,"column":60}},"7":{"start":{"line":19,"column":21},"end":{"line":19,"column":62}},"8":{"start":{"line":20,"column":24},"end":{"line":20,"column":68}},"9":{"start":{"line":21,"column":21},"end":{"line":26,"column":5}},"10":{"start":{"line":27,"column":4},"end":{"line":27,"column":26}},"11":{"start":{"line":29,"column":4},"end":{"line":35,"column":9}},"12":{"start":{"line":31,"column":8},"end":{"line":31,"column":55}},"13":{"start":{"line":34,"column":8},"end":{"line":34,"column":59}},"14":{"start":{"line":36,"column":4},"end":{"line":36,"column":27}},"15":{"start":{"line":39,"column":2},"end":{"line":73,"column":4}},"16":{"start":{"line":41,"column":21},"end":{"line":41,"column":43}},"17":{"start":{"line":47,"column":10},"end":{"line":47,"column":30}}},"fnMap":{"0":{"name":"QuestionModal","decl":{"start":{"line":6,"column":9},"end":{"line":6,"column":22}},"loc":{"start":{"line":6,"column":43},"end":{"line":74,"column":1}},"line":6},"1":{"name":"(anonymous_1)","decl":{"start":{"line":16,"column":23},"end":{"line":16,"column":24}},"loc":{"start":{"line":16,"column":30},"end":{"line":37,"column":3}},"line":16},"2":{"name":"(anonymous_2)","decl":{"start":{"line":30,"column":12},"end":{"line":30,"column":13}},"loc":{"start":{"line":30,"column":18},"end":{"line":32,"column":7}},"line":30},"3":{"name":"(anonymous_3)","decl":{"start":{"line":33,"column":13},"end":{"line":33,"column":14}},"loc":{"start":{"line":33,"column":19},"end":{"line":35,"column":7}},"line":33},"4":{"name":"(anonymous_4)","decl":{"start":{"line":41,"column":15},"end":{"line":41,"column":16}},"loc":{"start":{"line":41,"column":21},"end":{"line":41,"column":43}},"line":41},"5":{"name":"(anonymous_5)","decl":{"start":{"line":46,"column":17},"end":{"line":46,"column":18}},"loc":{"start":{"line":46,"column":24},"end":{"line":48,"column":9}},"line":46}},"branchMap":{"0":{"loc":{"start":{"line":10,"column":2},"end":{"line":14,"column":3}},"type":"if","locations":[{"start":{"line":10,"column":2},"end":{"line":14,"column":3}},{"start":{},"end":{}}],"line":10}},"s":{"0":0,"1":0,"2":0,"3":0,"4":0,"5":0,"6":0,"7":0,"8":0,"9":0,"10":0,"11":0,"12":0,"13":0,"14":0,"15":0,"16":0,"17":0},"f":{"0":0,"1":0,"2":0,"3":0,"4":0,"5":0},"b":{"0":[0,0]},"_coverageSchema":"1a1c01bbd47fc00a2c39e90264f33305004495a9","hash":"b262427ad23f74711786a0ae22aa1025619e9e47"}
,"/Users/kyle/hackreactor/FEC/client/src/questionsAnswers/answers/answerItem.jsx": {"path":"/Users/kyle/hackreactor/FEC/client/src/questionsAnswers/answers/answerItem.jsx","statementMap":{"0":{"start":{"line":9,"column":26},"end":{"line":9,"column":32}},"1":{"start":{"line":10,"column":21},"end":{"line":10,"column":27}},"2":{"start":{"line":12,"column":2},"end":{"line":32,"column":4}},"3":{"start":{"line":27,"column":8},"end":{"line":29,"column":25}},"4":{"start":{"line":37,"column":23},"end":{"line":40,"column":3}}},"fnMap":{"0":{"name":"AnswerItem","decl":{"start":{"line":8,"column":9},"end":{"line":8,"column":19}},"loc":{"start":{"line":8,"column":32},"end":{"line":33,"column":1}},"line":8},"1":{"name":"(anonymous_1)","decl":{"start":{"line":26,"column":28},"end":{"line":26,"column":29}},"loc":{"start":{"line":27,"column":8},"end":{"line":29,"column":25}},"line":27}},"branchMap":{"0":{"loc":{"start":{"line":20,"column":13},"end":{"line":20,"column":86}},"type":"cond-expr","locations":[{"start":{"line":20,"column":50},"end":{"line":20,"column":79}},{"start":{"line":20,"column":82},"end":{"line":20,"column":86}}],"line":20},"1":{"loc":{"start":{"line":26,"column":8},"end":{"line":30,"column":15}},"type":"cond-expr","locations":[{"start":{"line":26,"column":17},"end":{"line":30,"column":8}},{"start":{"line":30,"column":11},"end":{"line":30,"column":15}}],"line":26}},"s":{"0":4,"1":4,"2":4,"3":10,"4":1},"f":{"0":4,"1":10},"b":{"0":[0,4],"1":[4,0]},"_coverageSchema":"1a1c01bbd47fc00a2c39e90264f33305004495a9","hash":"a3c2837c325d1337714756144f99f43d655e8274"}
,"/Users/kyle/hackreactor/FEC/client/src/questionsAnswers/answers/helpfulAnswer.jsx": {"path":"/Users/kyle/hackreactor/FEC/client/src/questionsAnswers/answers/helpfulAnswer.jsx","statementMap":{"0":{"start":{"line":5,"column":32},"end":{"line":5,"column":47}},"1":{"start":{"line":6,"column":30},"end":{"line":16,"column":3}},"2":{"start":{"line":7,"column":4},"end":{"line":7,"column":52}},"3":{"start":{"line":8,"column":4},"end":{"line":15,"column":9}},"4":{"start":{"line":10,"column":8},"end":{"line":10,"column":25}},"5":{"start":{"line":11,"column":8},"end":{"line":11,"column":59}},"6":{"start":{"line":14,"column":8},"end":{"line":14,"column":70}},"7":{"start":{"line":18,"column":2},"end":{"line":22,"column":4}}},"fnMap":{"0":{"name":"Helpful","decl":{"start":{"line":4,"column":9},"end":{"line":4,"column":16}},"loc":{"start":{"line":4,"column":44},"end":{"line":23,"column":1}},"line":4},"1":{"name":"(anonymous_1)","decl":{"start":{"line":6,"column":30},"end":{"line":6,"column":31}},"loc":{"start":{"line":6,"column":36},"end":{"line":16,"column":3}},"line":6},"2":{"name":"(anonymous_2)","decl":{"start":{"line":9,"column":12},"end":{"line":9,"column":13}},"loc":{"start":{"line":9,"column":18},"end":{"line":12,"column":7}},"line":9},"3":{"name":"(anonymous_3)","decl":{"start":{"line":13,"column":13},"end":{"line":13,"column":14}},"loc":{"start":{"line":13,"column":19},"end":{"line":15,"column":7}},"line":13}},"branchMap":{"0":{"loc":{"start":{"line":20,"column":7},"end":{"line":20,"column":147}},"type":"cond-expr","locations":[{"start":{"line":20,"column":17},"end":{"line":20,"column":44}},{"start":{"line":20,"column":47},"end":{"line":20,"column":147}}],"line":20}},"s":{"0":4,"1":4,"2":0,"3":0,"4":0,"5":0,"6":0,"7":4},"f":{"0":4,"1":0,"2":0,"3":0},"b":{"0":[0,4]},"_coverageSchema":"1a1c01bbd47fc00a2c39e90264f33305004495a9","hash":"c0617a898606aa8107d2ff5478744e587fdb5683"}
,"/Users/kyle/hackreactor/FEC/client/src/questionsAnswers/answers/photo.jsx": {"path":"/Users/kyle/hackreactor/FEC/client/src/questionsAnswers/answers/photo.jsx","statementMap":{"0":{"start":{"line":6,"column":32},"end":{"line":6,"column":47}},"1":{"start":{"line":7,"column":22},"end":{"line":10,"column":3}},"2":{"start":{"line":8,"column":4},"end":{"line":8,"column":41}},"3":{"start":{"line":9,"column":4},"end":{"line":9,"column":22}},"4":{"start":{"line":12,"column":2},"end":{"line":26,"column":4}},"5":{"start":{"line":14,"column":55},"end":{"line":14,"column":73}},"6":{"start":{"line":19,"column":33},"end":{"line":19,"column":52}},"7":{"start":{"line":20,"column":46},"end":{"line":20,"column":65}},"8":{"start":{"line":31,"column":26},"end":{"line":36,"column":1}},"9":{"start":{"line":38,"column":15},"end":{"line":46,"column":1}}},"fnMap":{"0":{"name":"Photo","decl":{"start":{"line":5,"column":9},"end":{"line":5,"column":14}},"loc":{"start":{"line":5,"column":24},"end":{"line":27,"column":1}},"line":5},"1":{"name":"(anonymous_1)","decl":{"start":{"line":7,"column":22},"end":{"line":7,"column":23}},"loc":{"start":{"line":7,"column":33},"end":{"line":10,"column":3}},"line":7},"2":{"name":"(anonymous_2)","decl":{"start":{"line":14,"column":47},"end":{"line":14,"column":48}},"loc":{"start":{"line":14,"column":53},"end":{"line":14,"column":75}},"line":14},"3":{"name":"(anonymous_3)","decl":{"start":{"line":19,"column":25},"end":{"line":19,"column":26}},"loc":{"start":{"line":19,"column":31},"end":{"line":19,"column":54}},"line":19},"4":{"name":"(anonymous_4)","decl":{"start":{"line":20,"column":38},"end":{"line":20,"column":39}},"loc":{"start":{"line":20,"column":44},"end":{"line":20,"column":67}},"line":20}},"branchMap":{"0":{"loc":{"start":{"line":17,"column":8},"end":{"line":24,"column":9}},"type":"binary-expr","locations":[{"start":{"line":17,"column":8},"end":{"line":17,"column":17}},{"start":{"line":19,"column":8},"end":{"line":23,"column":17}}],"line":17}},"s":{"0":10,"1":10,"2":0,"3":0,"4":10,"5":0,"6":0,"7":0,"8":1,"9":1},"f":{"0":10,"1":0,"2":0,"3":0,"4":0},"b":{"0":[10,0]},"_coverageSchema":"1a1c01bbd47fc00a2c39e90264f33305004495a9","hash":"d42b0fc9c74791bc291ae32bce6cb8d7ad8e30ca"}
,"/Users/kyle/hackreactor/FEC/client/src/questionsAnswers/answers/reportAnswer.jsx": {"path":"/Users/kyle/hackreactor/FEC/client/src/questionsAnswers/answers/reportAnswer.jsx","statementMap":{"0":{"start":{"line":5,"column":34},"end":{"line":5,"column":49}},"1":{"start":{"line":6,"column":29},"end":{"line":17,"column":3}},"2":{"start":{"line":7,"column":4},"end":{"line":7,"column":54}},"3":{"start":{"line":8,"column":4},"end":{"line":15,"column":9}},"4":{"start":{"line":10,"column":8},"end":{"line":10,"column":31}},"5":{"start":{"line":11,"column":8},"end":{"line":11,"column":55}},"6":{"start":{"line":14,"column":8},"end":{"line":14,"column":50}},"7":{"start":{"line":16,"column":4},"end":{"line":16,"column":22}},"8":{"start":{"line":18,"column":2},"end":{"line":22,"column":4}}},"fnMap":{"0":{"name":"Report","decl":{"start":{"line":4,"column":9},"end":{"line":4,"column":15}},"loc":{"start":{"line":4,"column":30},"end":{"line":23,"column":1}},"line":4},"1":{"name":"(anonymous_1)","decl":{"start":{"line":6,"column":29},"end":{"line":6,"column":30}},"loc":{"start":{"line":6,"column":35},"end":{"line":17,"column":3}},"line":6},"2":{"name":"(anonymous_2)","decl":{"start":{"line":9,"column":12},"end":{"line":9,"column":13}},"loc":{"start":{"line":9,"column":18},"end":{"line":12,"column":7}},"line":9},"3":{"name":"(anonymous_3)","decl":{"start":{"line":13,"column":13},"end":{"line":13,"column":14}},"loc":{"start":{"line":13,"column":19},"end":{"line":15,"column":7}},"line":13}},"branchMap":{"0":{"loc":{"start":{"line":20,"column":7},"end":{"line":20,"column":127}},"type":"cond-expr","locations":[{"start":{"line":20,"column":18},"end":{"line":20,"column":43}},{"start":{"line":20,"column":46},"end":{"line":20,"column":127}}],"line":20}},"s":{"0":4,"1":4,"2":0,"3":0,"4":0,"5":0,"6":0,"7":0,"8":4},"f":{"0":4,"1":0,"2":0,"3":0},"b":{"0":[0,4]},"_coverageSchema":"1a1c01bbd47fc00a2c39e90264f33305004495a9","hash":"0bde1036b238dc0449ff10b94b75dd4fc5137c92"}
,"/Users/kyle/hackreactor/FEC/client/src/questionsAnswers/questions/helpfulQuestion.jsx": {"path":"/Users/kyle/hackreactor/FEC/client/src/questionsAnswers/questions/helpfulQuestion.jsx","statementMap":{"0":{"start":{"line":6,"column":32},"end":{"line":6,"column":47}},"1":{"start":{"line":7,"column":25},"end":{"line":7,"column":30}},"2":{"start":{"line":8,"column":24},"end":{"line":8,"column":29}},"3":{"start":{"line":10,"column":32},"end":{"line":20,"column":3}},"4":{"start":{"line":11,"column":4},"end":{"line":11,"column":62}},"5":{"start":{"line":12,"column":4},"end":{"line":19,"column":9}},"6":{"start":{"line":14,"column":8},"end":{"line":14,"column":46}},"7":{"start":{"line":15,"column":8},"end":{"line":15,"column":29}},"8":{"start":{"line":18,"column":8},"end":{"line":18,"column":55}},"9":{"start":{"line":22,"column":2},"end":{"line":36,"column":4}}},"fnMap":{"0":{"name":"Helpful","decl":{"start":{"line":5,"column":9},"end":{"line":5,"column":16}},"loc":{"start":{"line":5,"column":24},"end":{"line":37,"column":1}},"line":5},"1":{"name":"(anonymous_1)","decl":{"start":{"line":10,"column":32},"end":{"line":10,"column":33}},"loc":{"start":{"line":10,"column":38},"end":{"line":20,"column":3}},"line":10},"2":{"name":"(anonymous_2)","decl":{"start":{"line":13,"column":12},"end":{"line":13,"column":13}},"loc":{"start":{"line":13,"column":18},"end":{"line":16,"column":7}},"line":13},"3":{"name":"(anonymous_3)","decl":{"start":{"line":17,"column":13},"end":{"line":17,"column":14}},"loc":{"start":{"line":17,"column":19},"end":{"line":19,"column":7}},"line":17}},"branchMap":{"0":{"loc":{"start":{"line":25,"column":8},"end":{"line":34,"column":33}},"type":"cond-expr","locations":[{"start":{"line":26,"column":8},"end":{"line":32,"column":17}},{"start":{"line":34,"column":10},"end":{"line":34,"column":33}}],"line":25}},"s":{"0":2,"1":2,"2":2,"3":2,"4":0,"5":0,"6":0,"7":0,"8":0,"9":2},"f":{"0":2,"1":0,"2":0,"3":0},"b":{"0":[2,0]},"_coverageSchema":"1a1c01bbd47fc00a2c39e90264f33305004495a9","hash":"3b4b3763876ee88090f7758bff82d69ab31eef4e"}
,"/Users/kyle/hackreactor/FEC/client/src/questionsAnswers/questions/question.jsx": {"path":"/Users/kyle/hackreactor/FEC/client/src/questionsAnswers/questions/question.jsx","statementMap":{"0":{"start":{"line":8,"column":19},"end":{"line":8,"column":24}},"1":{"start":{"line":9,"column":46},"end":{"line":9,"column":51}},"2":{"start":{"line":10,"column":40},"end":{"line":10,"column":55}},"3":{"start":{"line":11,"column":24},"end":{"line":11,"column":65}},"4":{"start":{"line":12,"column":28},"end":{"line":14,"column":3}},"5":{"start":{"line":13,"column":4},"end":{"line":13,"column":33}},"6":{"start":{"line":15,"column":31},"end":{"line":19,"column":3}},"7":{"start":{"line":16,"column":4},"end":{"line":16,"column":24}},"8":{"start":{"line":17,"column":4},"end":{"line":17,"column":60}},"9":{"start":{"line":18,"column":4},"end":{"line":18,"column":33}},"10":{"start":{"line":21,"column":2},"end":{"line":41,"column":4}},"11":{"start":{"line":31,"column":26},"end":{"line":31,"column":68}},"12":{"start":{"line":34,"column":26},"end":{"line":34,"column":68}}},"fnMap":{"0":{"name":"Question","decl":{"start":{"line":7,"column":9},"end":{"line":7,"column":17}},"loc":{"start":{"line":7,"column":25},"end":{"line":42,"column":1}},"line":7},"1":{"name":"(anonymous_1)","decl":{"start":{"line":12,"column":28},"end":{"line":12,"column":29}},"loc":{"start":{"line":12,"column":34},"end":{"line":14,"column":3}},"line":12},"2":{"name":"(anonymous_2)","decl":{"start":{"line":15,"column":31},"end":{"line":15,"column":32}},"loc":{"start":{"line":15,"column":38},"end":{"line":19,"column":3}},"line":15},"3":{"name":"(anonymous_3)","decl":{"start":{"line":31,"column":15},"end":{"line":31,"column":16}},"loc":{"start":{"line":31,"column":26},"end":{"line":31,"column":68}},"line":31},"4":{"name":"(anonymous_4)","decl":{"start":{"line":34,"column":15},"end":{"line":34,"column":16}},"loc":{"start":{"line":34,"column":26},"end":{"line":34,"column":68}},"line":34}},"branchMap":{"0":{"loc":{"start":{"line":29,"column":8},"end":{"line":35,"column":7}},"type":"cond-expr","locations":[{"start":{"line":30,"column":8},"end":{"line":31,"column":70}},{"start":{"line":33,"column":8},"end":{"line":34,"column":70}}],"line":29},"1":{"loc":{"start":{"line":37,"column":10},"end":{"line":37,"column":91}},"type":"cond-expr","locations":[{"start":{"line":37,"column":25},"end":{"line":37,"column":57}},{"start":{"line":37,"column":60},"end":{"line":37,"column":91}}],"line":37}},"s":{"0":2,"1":2,"2":2,"3":2,"4":2,"5":0,"6":2,"7":0,"8":0,"9":0,"10":2,"11":4,"12":0},"f":{"0":2,"1":0,"2":0,"3":4,"4":0},"b":{"0":[2,0],"1":[2,0]},"_coverageSchema":"1a1c01bbd47fc00a2c39e90264f33305004495a9","hash":"fd269ba651a92f1f28d40565549b72495bfaebc1"}
,"/Users/kyle/hackreactor/FEC/client/src/questionsAnswers/questions/reportQuestion.jsx": {"path":"/Users/kyle/hackreactor/FEC/client/src/questionsAnswers/questions/reportQuestion.jsx","statementMap":{"0":{"start":{"line":5,"column":34},"end":{"line":5,"column":49}},"1":{"start":{"line":6,"column":31},"end":{"line":15,"column":3}},"2":{"start":{"line":7,"column":4},"end":{"line":14,"column":9}},"3":{"start":{"line":9,"column":8},"end":{"line":9,"column":31}},"4":{"start":{"line":10,"column":8},"end":{"line":10,"column":43}},"5":{"start":{"line":13,"column":8},"end":{"line":13,"column":50}},"6":{"start":{"line":17,"column":2},"end":{"line":27,"column":4}}},"fnMap":{"0":{"name":"Report","decl":{"start":{"line":4,"column":9},"end":{"line":4,"column":15}},"loc":{"start":{"line":4,"column":32},"end":{"line":28,"column":1}},"line":4},"1":{"name":"(anonymous_1)","decl":{"start":{"line":6,"column":31},"end":{"line":6,"column":32}},"loc":{"start":{"line":6,"column":37},"end":{"line":15,"column":3}},"line":6},"2":{"name":"(anonymous_2)","decl":{"start":{"line":8,"column":12},"end":{"line":8,"column":13}},"loc":{"start":{"line":8,"column":18},"end":{"line":11,"column":7}},"line":8},"3":{"name":"(anonymous_3)","decl":{"start":{"line":12,"column":13},"end":{"line":12,"column":14}},"loc":{"start":{"line":12,"column":19},"end":{"line":14,"column":7}},"line":12}},"branchMap":{"0":{"loc":{"start":{"line":19,"column":7},"end":{"line":25,"column":31}},"type":"cond-expr","locations":[{"start":{"line":20,"column":8},"end":{"line":24,"column":17}},{"start":{"line":25,"column":10},"end":{"line":25,"column":31}}],"line":19}},"s":{"0":2,"1":2,"2":0,"3":0,"4":0,"5":0,"6":2},"f":{"0":2,"1":0,"2":0,"3":0},"b":{"0":[2,0]},"_coverageSchema":"1a1c01bbd47fc00a2c39e90264f33305004495a9","hash":"3525bf73f42ae38921e38b18f4fcf1426e8de18e"}
,"/Users/kyle/hackreactor/FEC/client/src/related_comparison/Card.jsx": {"path":"/Users/kyle/hackreactor/FEC/client/src/related_comparison/Card.jsx","statementMap":{"0":{"start":{"line":8,"column":29},"end":{"line":19,"column":3}},"1":{"start":{"line":9,"column":31},"end":{"line":9,"column":85}},"2":{"start":{"line":10,"column":36},"end":{"line":10,"column":96}},"3":{"start":{"line":11,"column":4},"end":{"line":18,"column":5}},"4":{"start":{"line":12,"column":6},"end":{"line":12,"column":54}},"5":{"start":{"line":13,"column":6},"end":{"line":13,"column":77}},"6":{"start":{"line":14,"column":6},"end":{"line":14,"column":46}},"7":{"start":{"line":15,"column":6},"end":{"line":15,"column":85}},"8":{"start":{"line":16,"column":6},"end":{"line":16,"column":96}},"9":{"start":{"line":17,"column":6},"end":{"line":17,"column":49}},"10":{"start":{"line":20,"column":2},"end":{"line":45,"column":4}},"11":{"start":{"line":47,"column":22},"end":{"line":53,"column":1}},"12":{"start":{"line":55,"column":16},"end":{"line":62,"column":3}},"13":{"start":{"line":56,"column":37},"end":{"line":56,"column":48}},"14":{"start":{"line":64,"column":31},"end":{"line":75,"column":1}},"15":{"start":{"line":77,"column":35},"end":{"line":88,"column":1}},"16":{"start":{"line":90,"column":18},"end":{"line":93,"column":1}},"17":{"start":{"line":95,"column":17},"end":{"line":97,"column":1}},"18":{"start":{"line":99,"column":18},"end":{"line":102,"column":1}}},"fnMap":{"0":{"name":"Card","decl":{"start":{"line":5,"column":24},"end":{"line":5,"column":28}},"loc":{"start":{"line":7,"column":3},"end":{"line":46,"column":1}},"line":7},"1":{"name":"(anonymous_1)","decl":{"start":{"line":8,"column":29},"end":{"line":8,"column":30}},"loc":{"start":{"line":8,"column":35},"end":{"line":19,"column":3}},"line":8},"2":{"name":"(anonymous_2)","decl":{"start":{"line":56,"column":26},"end":{"line":56,"column":27}},"loc":{"start":{"line":56,"column":37},"end":{"line":56,"column":48}},"line":56}},"branchMap":{"0":{"loc":{"start":{"line":11,"column":4},"end":{"line":18,"column":5}},"type":"if","locations":[{"start":{"line":11,"column":4},"end":{"line":18,"column":5}},{"start":{},"end":{}}],"line":11}},"s":{"0":2,"1":0,"2":0,"3":0,"4":0,"5":0,"6":0,"7":0,"8":0,"9":0,"10":2,"11":1,"12":1,"13":2,"14":1,"15":1,"16":1,"17":1,"18":1},"f":{"0":2,"1":0,"2":2},"b":{"0":[0,0]},"_coverageSchema":"1a1c01bbd47fc00a2c39e90264f33305004495a9","hash":"3503bbbccb20ffbad70bca9cd186d6734fddd59f"}
[...]
:50,"column":37}},"11":{"start":{"line":51,"column":14},"end":{"line":51,"column":37}},"12":{"start":{"line":53,"column":28},"end":{"line":53,"column":44}}},"fnMap":{"0":{"name":"ReviewTile","decl":{"start":{"line":5,"column":9},"end":{"line":5,"column":19}},"loc":{"start":{"line":5,"column":32},"end":{"line":60,"column":1}},"line":5},"1":{"name":"(anonymous_1)","decl":{"start":{"line":30,"column":19},"end":{"line":30,"column":20}},"loc":{"start":{"line":30,"column":25},"end":{"line":37,"column":11}},"line":30},"2":{"name":"(anonymous_2)","decl":{"start":{"line":32,"column":20},"end":{"line":32,"column":21}},"loc":{"start":{"line":32,"column":26},"end":{"line":35,"column":15}},"line":32},"3":{"name":"(anonymous_3)","decl":{"start":{"line":36,"column":21},"end":{"line":36,"column":22}},"loc":{"start":{"line":36,"column":30},"end":{"line":36,"column":46}},"line":36},"4":{"name":"(anonymous_4)","decl":{"start":{"line":47,"column":17},"end":{"line":47,"column":18}},"loc":{"start":{"line":47,"column":23},"end":{"line":54,"column":9}},"line":47},"5":{"name":"(anonymous_5)","decl":{"start":{"line":49,"column":18},"end":{"line":49,"column":19}},"loc":{"start":{"line":49,"column":24},"end":{"line":52,"column":13}},"line":49},"6":{"name":"(anonymous_6)","decl":{"start":{"line":53,"column":19},"end":{"line":53,"column":20}},"loc":{"start":{"line":53,"column":28},"end":{"line":53,"column":44}},"line":53}},"branchMap":{"0":{"loc":{"start":{"line":8,"column":2},"end":{"line":10,"column":3}},"type":"if","locations":[{"start":{"line":8,"column":2},"end":{"line":10,"column":3}},{"start":{},"end":{}}],"line":8},"1":{"loc":{"start":{"line":17,"column":12},"end":{"line":17,"column":64}},"type":"cond-expr","locations":[{"start":{"line":17,"column":31},"end":{"line":17,"column":44}},{"start":{"line":17,"column":47},"end":{"line":17,"column":64}}],"line":17},"2":{"loc":{"start":{"line":19,"column":12},"end":{"line":19,"column":48}},"type":"binary-expr","locations":[{"start":{"line":19,"column":12},"end":{"line":19,"column":29}},{"start":{"line":19,"column":33},"end":{"line":19,"column":48}}],"line":19},"3":{"loc":{"start":{"line":20,"column":7},"end":{"line":44,"column":7}},"type":"cond-expr","locations":[{"start":{"line":21,"column":8},"end":{"line":26,"column":15}},{"start":{"line":28,"column":8},"end":{"line":43,"column":17}}],"line":20}},"s":{"0":2,"1":2,"2":2,"3":0,"4":2,"5":0,"6":0,"7":0,"8":0,"9":0,"10":0,"11":0,"12":0},"f":{"0":2,"1":0,"2":0,"3":0,"4":0,"5":0,"6":0},"b":{"0":[0,2],"1":[1,1],"2":[2,0],"3":[0,2]},"_coverageSchema":"1a1c01bbd47fc00a2c39e90264f33305004495a9","hash":"794c2e28fe97e9117f9046a9cf7fea9983a09df6"}
,"/Users/kyle/hackreactor/FEC/client/src/reviews/Reviews.jsx": {"path":"/Users/kyle/hackreactor/FEC/client/src/reviews/Reviews.jsx","statementMap":{"0":{"start":{"line":7,"column":2},"end":{"line":13,"column":4}},"1":{"start":{"line":18,"column":25},"end":{"line":27,"column":1}}},"fnMap":{"0":{"name":"Reviews","decl":{"start":{"line":6,"column":9},"end":{"line":6,"column":16}},"loc":{"start":{"line":6,"column":37},"end":{"line":14,"column":1}},"line":6}},"branchMap":{},"s":{"0":1,"1":1},"f":{"0":1},"b":{},"_coverageSchema":"1a1c01bbd47fc00a2c39e90264f33305004495a9","hash":"529a7c18bc29afd242a0a8a4f3c8f4a32c03b93d"}
,"/Users/kyle/hackreactor/FEC/client/src/reviews/ReviewsList.jsx": {"path":"/Users/kyle/hackreactor/FEC/client/src/reviews/ReviewsList.jsx","statementMap":{"0":{"start":{"line":7,"column":75},"end":{"line":7,"column":95}},"1":{"start":{"line":8,"column":50},"end":{"line":8,"column":61}},"2":{"start":{"line":9,"column":2},"end":{"line":13,"column":3}},"3":{"start":{"line":10,"column":4},"end":{"line":12,"column":6}},"4":{"start":{"line":14,"column":31},"end":{"line":16,"column":4}},"5":{"start":{"line":15,"column":4},"end":{"line":15,"column":57}},"6":{"start":{"line":17,"column":2},"end":{"line":76,"column":4}},"7":{"start":{"line":26,"column":28},"end":{"line":26,"column":46}},"8":{"start":{"line":27,"column":12},"end":{"line":36,"column":48}},"9":{"start":{"line":29,"column":16},"end":{"line":34,"column":19}},"10":{"start":{"line":36,"column":30},"end":{"line":36,"column":46}},"11":{"start":{"line":53,"column":12},"end":{"line":60,"column":13}},"12":{"start":{"line":54,"column":41},"end":{"line":58,"column":15}},"13":{"start":{"line":59,"column":14},"end":{"line":59,"column":54}},"14":{"start":{"line":69,"column":10},"end":{"line":69,"column":30}},"15":{"start":{"line":70,"column":10},"end":{"line":70,"column":39}}},"fnMap":{"0":{"name":"ReviewsList","decl":{"start":{"line":6,"column":9},"end":{"line":6,"column":20}},"loc":{"start":{"line":6,"column":41},"end":{"line":77,"column":1}},"line":6},"1":{"name":"(anonymous_1)","decl":{"start":{"line":14,"column":51},"end":{"line":14,"column":52}},"loc":{"start":{"line":15,"column":4},"end":{"line":15,"column":57}},"line":15},"2":{"name":"(anonymous_2)","decl":{"start":{"line":25,"column":20},"end":{"line":25,"column":21}},"loc":{"start":{"line":25,"column":31},"end":{"line":37,"column":11}},"line":25},"3":{"name":"(anonymous_3)","decl":{"start":{"line":28,"column":20},"end":{"line":28,"column":21}},"loc":{"start":{"line":28,"column":37},"end":{"line":35,"column":15}},"line":28},"4":{"name":"(anonymous_4)","decl":{"start":{"line":36,"column":21},"end":{"line":36,"column":22}},"loc":{"start":{"line":36,"column":30},"end":{"line":36,"column":46}},"line":36},"5":{"name":"(anonymous_5)","decl":{"start":{"line":52,"column":19},"end":{"line":52,"column":20}},"loc":{"start":{"line":52,"column":25},"end":{"line":61,"column":11}},"line":52},"6":{"name":"(anonymous_6)","decl":{"start":{"line":68,"column":17},"end":{"line":68,"column":18}},"loc":{"start":{"line":68,"column":24},"end":{"line":71,"column":9}},"line":68}},"branchMap":{"0":{"loc":{"start":{"line":9,"column":2},"end":{"line":13,"column":3}},"type":"if","locations":[{"start":{"line":9,"column":2},"end":{"line":13,"column":3}},{"start":{},"end":{}}],"line":9},"1":{"loc":{"start":{"line":49,"column":7},"end":{"line":65,"column":7}},"type":"binary-expr","locations":[{"start":{"line":49,"column":7},"end":{"line":49,"column":49}},{"start":{"line":50,"column":8},"end":{"line":64,"column":17}}],"line":49},"2":{"loc":{"start":{"line":53,"column":12},"end":{"line":60,"column":13}},"type":"if","locations":[{"start":{"line":53,"column":12},"end":{"line":60,"column":13}},{"start":{},"end":{}}],"line":53},"3":{"loc":{"start":{"line":54,"column":41},"end":{"line":58,"column":15}},"type":"cond-expr","locations":[{"start":{"line":55,"column":16},"end":{"line":55,"column":43}},{"start":{"line":57,"column":16},"end":{"line":57,"column":36}}],"line":54}},"s":{"0":1,"1":1,"2":1,"3":0,"4":1,"5":5,"6":1,"7":0,"8":0,"9":0,"10":0,"11":0,"12":0,"13":0,"14":0,"15":0},"f":{"0":1,"1":5,"2":0,"3":0,"4":0,"5":0,"6":0},"b":{"0":[0,1],"1":[1,1],"2":[0,0],"3":[0,0]},"_coverageSchema":"1a1c01bbd47fc00a2c39e90264f33305004495a9","hash":"72ac2f014acb9b26d1a123ba30a9dce9ccd8f6ef"}
,"/Users/kyle/hackreactor/FEC/client/src/reviews/ReviewsMeta.jsx": {"path":"/Users/kyle/hackreactor/FEC/client/src/reviews/ReviewsMeta.jsx","statementMap":{"0":{"start":{"line":6,"column":2},"end":{"line":11,"column":4}}},"fnMap":{"0":{"name":"ReviewsMeta","decl":{"start":{"line":5,"column":9},"end":{"line":5,"column":20}},"loc":{"start":{"line":5,"column":23},"end":{"line":12,"column":1}},"line":5}},"branchMap":{},"s":{"0":1},"f":{"0":1},"b":{},"_coverageSchema":"1a1c01bbd47fc00a2c39e90264f33305004495a9","hash":"e41542481ed9d3008958739e4f009016cc5fea44"}
,"/Users/kyle/hackreactor/FEC/client/src/reviews/Stars.jsx": {"path":"/Users/kyle/hackreactor/FEC/client/src/reviews/Stars.jsx","statementMap":{"0":{"start":{"line":5,"column":2},"end":{"line":7,"column":4}},"1":{"start":{"line":10,"column":20},"end":{"line":24,"column":1}}},"fnMap":{"0":{"name":"Stars","decl":{"start":{"line":4,"column":24},"end":{"line":4,"column":29}},"loc":{"start":{"line":4,"column":32},"end":{"line":8,"column":1}},"line":4}},"branchMap":{},"s":{"0":4,"1":1},"f":{"0":4},"b":{},"_coverageSchema":"1a1c01bbd47fc00a2c39e90264f33305004495a9","hash":"a6cdab3302e7b3053a57a79dbe009340af9895f3"}
,"/Users/kyle/hackreactor/FEC/client/src/reviews/WriteCharacteristic.jsx": {"path":"/Users/kyle/hackreactor/FEC/client/src/reviews/WriteCharacteristic.jsx","statementMap":{"0":{"start":{"line":7,"column":30},"end":{"line":7,"column":38}},"1":{"start":{"line":8,"column":22},"end":{"line":15,"column":3}},"2":{"start":{"line":16,"column":2},"end":{"line":45,"column":4}},"3":{"start":{"line":28,"column":10},"end":{"line":28,"column":59}},"4":{"start":{"line":29,"column":10},"end":{"line":29,"column":39}},"5":{"start":{"line":48,"column":17},"end":{"line":57,"column":1}},"6":{"start":{"line":58,"column":18},"end":{"line":69,"column":1}},"7":{"start":{"line":70,"column":20},"end":{"line":72,"column":1}},"8":{"start":{"line":71,"column":26},"end":{"line":71,"column":36}},"9":{"start":{"line":73,"column":17},"end":{"line":78,"column":1}},"10":{"start":{"line":74,"column":26},"end":{"line":74,"column":36}},"11":{"start":{"line":75,"column":30},"end":{"line":75,"column":70}}},"fnMap":{"0":{"name":"WriteCharacteristic","decl":{"start":{"line":4,"column":9},"end":{"line":4,"column":28}},"loc":{"start":{"line":6,"column":3},"end":{"line":46,"column":1}},"line":6},"1":{"name":"(anonymous_1)","decl":{"start":{"line":27,"column":18},"end":{"line":27,"column":19}},"loc":{"start":{"line":27,"column":25},"end":{"line":30,"column":9}},"line":27},"2":{"name":"(anonymous_2)","decl":{"start":{"line":71,"column":15},"end":{"line":71,"column":16}},"loc":{"start":{"line":71,"column":26},"end":{"line":71,"column":36}},"line":71},"3":{"name":"(anonymous_3)","decl":{"start":{"line":74,"column":15},"end":{"line":74,"column":16}},"loc":{"start":{"line":74,"column":26},"end":{"line":74,"column":36}},"line":74},"4":{"name":"(anonymous_4)","decl":{"start":{"line":75,"column":18},"end":{"line":75,"column":19}},"loc":{"start":{"line":75,"column":30},"end":{"line":75,"column":70}},"line":75}},"branchMap":{"0":{"loc":{"start":{"line":23,"column":9},"end":{"line":23,"column":181}},"type":"cond-expr","locations":[{"start":{"line":23,"column":73},"end":{"line":23,"column":163}},{"start":{"line":23,"column":166},"end":{"line":23,"column":181}}],"line":23},"1":{"loc":{"start":{"line":75,"column":30},"end":{"line":75,"column":70}},"type":"cond-expr","locations":[{"start":{"line":75,"column":46},"end":{"line":75,"column":59}},{"start":{"line":75,"column":62},"end":{"line":75,"column":70}}],"line":75}},"s":{"0":0,"1":0,"2":0,"3":0,"4":0,"5":1,"6":1,"7":1,"8":0,"9":1,"10":0,"11":0},"f":{"0":0,"1":0,"2":0,"3":0,"4":0},"b":{"0":[0,0],"1":[0,0]},"_coverageSchema":"1a1c01bbd47fc00a2c39e90264f33305004495a9","hash":"2e44f0053b855d08afa77e4a47afa8ca74d50c5c"}
,"/Users/kyle/hackreactor/FEC/client/src/reviews/WriteReview.jsx": {"path":"/Users/kyle/hackreactor/FEC/client/src/reviews/WriteReview.jsx","statementMap":{"0":{"start":{"line":9,"column":56},"end":{"line":9,"column":76}},"1":{"start":{"line":10,"column":30},"end":{"line":10,"column":41}},"2":{"start":{"line":11,"column":30},"end":{"line":11,"column":42}},"3":{"start":{"line":12,"column":34},"end":{"line":22,"column":4}},"4":{"start":{"line":23,"column":2},"end":{"line":189,"column":4}},"5":{"start":{"line":26,"column":8},"end":{"line":26,"column":28}},"6":{"start":{"line":31,"column":10},"end":{"line":31,"column":71}},"7":{"start":{"line":58,"column":10},"end":{"line":58,"column":77}},"8":{"start":{"line":74,"column":10},"end":{"line":80,"column":12}},"9":{"start":{"line":92,"column":12},"end":{"line":92,"column":97}},"10":{"start":{"line":106,"column":12},"end":{"line":106,"column":100}},"11":{"start":{"line":114,"column":10},"end":{"line":119,"column":15}},"12":{"start":{"line":132,"column":12},"end":{"line":132,"column":94}},"13":{"start":{"line":146,"column":12},"end":{"line":146,"column":95}},"14":{"start":{"line":154,"column":10},"end":{"line":183,"column":46}},"15":{"start":{"line":156,"column":14},"end":{"line":156,"column":37}},"16":{"start":{"line":157,"column":14},"end":{"line":167,"column":17}},"17":{"start":{"line":168,"column":14},"end":{"line":168,"column":89}},"18":{"start":{"line":171,"column":31},"end":{"line":171,"column":83}},"19":{"start":{"line":172,"column":29},"end":{"line":172,"column":81}},"20":{"start":{"line":173,"column":14},"end":{"line":178,"column":17}},"21":{"start":{"line":179,"column":14},"end":{"line":179,"column":30}},"22":{"start":{"line":181,"column":29},"end":{"line":181,"column":127}},"23":{"start":{"line":182,"column":34},"end":{"line":182,"column":82}},"24":{"start":{"line":183,"column":28},"end":{"line":183,"column":44}},"25":{"start":{"line":184,"column":10},"end":{"line":184,"column":29}},"26":{"start":{"line":193,"column":21},"end":{"line":193,"column":29}},"27":{"start":{"line":194,"column":2},"end":{"line":204,"column":4}},"28":{"start":{"line":200,"column":8},"end":{"line":200,"column":42}},"29":{"start":{"line":201,"column":8},"end":{"line":201,"column":37}},"30":{"start":{"line":209,"column":29},"end":{"line":218,"column":1}},"31":{"start":{"line":220,"column":33},"end":{"line":224,"column":1}}},"fnMap":{"0":{"name":"WriteReview","decl":{"start":{"line":8,"column":9},"end":{"line":8,"column":20}},"loc":{"start":{"line":8,"column":41},"end":{"line":190,"column":1}},"line":8},"1":{"name":"(anonymous_1)","decl":{"start":{"line":25,"column":15},"end":{"line":25,"column":16}},"loc":{"start":{"line":25,"column":22},"end":{"line":27,"column":7}},"line":25},"2":{"name":"(anonymous_2)","decl":{"start":{"line":30,"column":18},"end":{"line":30,"column":19}},"loc":{"start":{"line":30,"column":25},"end":{"line":32,"column":9}},"line":30},"3":{"name":"(anonymous_3)","decl":{"start":{"line":57,"column":18},"end":{"line":57,"column":19}},"loc":{"start":{"line":57,"column":25},"end":{"line":59,"column":9}},"line":57},"4":{"name":"(anonymous_4)","decl":{"start":{"line":73,"column":42},"end":{"line":73,"column":43}},"loc":{"start":{"line":74,"column":10},"end":{"line":80,"column":12}},"line":74},"5":{"name":"(anonymous_5)","decl":{"start":{"line":91,"column":20},"end":{"line":91,"column":21}},"loc":{"start":{"line":91,"column":27},"end":{"line":93,"column":11}},"line":91},"6":{"name":"(anonymous_6)","decl":{"start":{"line":105,"column":20},"end":{"line":105,"column":21}},"loc":{"start":{"line":105,"column":27},"end":{"line":107,"column":11}},"line":105},"7":{"name":"(anonymous_7)","decl":{"start":{"line":113,"column":17},"end":{"line":113,"column":18}},"loc":{"start":{"line":113,"column":23},"end":{"line":120,"column":9}},"line":113},"8":{"name":"(anonymous_8)","decl":{"start":{"line":131,"column":20},"end":{"line":131,"column":21}},"loc":{"start":{"line":131,"column":27},"end":{"line":133,"column":11}},"line":131},"9":{"name":"(anonymous_9)","decl":{"start":{"line":145,"column":20},"end":{"line":145,"column":21}},"loc":{"start":{"line":145,"column":27},"end":{"line":147,"column":11}},"line":145},"10":{"name":"(anonymous_10)","decl":{"start":{"line":153,"column":17},"end":{"line":153,"column":18}},"loc":{"start":{"line":153,"column":24},"end":{"line":185,"column":9}},"line":153},"11":{"name":"(anonymous_11)","decl":{"start":{"line":155,"column":18},"end":{"line":155,"column":19}},"loc":{"start":{"line":155,"column":24},"end":{"line":169,"column":13}},"line":155},"12":{"name":"(anonymous_12)","decl":{"start":{"line":170,"column":18},"end":{"line":170,"column":19}},"loc":{"start":{"line":170,"column":38},"end":{"line":180,"column":13}},"line":170},"13":{"name":"(anonymous_13)","decl":{"start":{"line":181,"column":18},"end":{"line":181,"column":19}},"loc":{"start":{"line":181,"column":29},"end":{"line":181,"column":127}},"line":181},"14":{"name":"(anonymous_14)","decl":{"start":{"line":182,"column":18},"end":{"line":182,"column":19}},"loc":{"start":{"line":182,"column":34},"end":{"line":182,"column":82}},"line":182},"15":{"name":"(anonymous_15)","decl":{"start":{"line":183,"column":19},"end":{"line":183,"column":20}},"loc":{"start":{"line":183,"column":28},"end":{"line":183,"column":44}},"line":183},"16":{"name":"PhotoInput","decl":{"start":{"line":192,"column":9},"end":{"line":192,"column":19}},"loc":{"start":{"line":192,"column":57},"end":{"line":205,"column":1}},"line":192},"17":{"name":"(anonymous_17)","decl":{"start":{"line":199,"column":16},"end":{"line":199,"column":17}},"loc":{"start":{"line":199,"column":23},"end":{"line":202,"column":7}},"line":199}},"branchMap":{"0":{"loc":{"start":{"line":92,"column":48},"end":{"line":92,"column":93}},"type":"cond-expr","locations":[{"start":{"line":92,"column":72},"end":{"line":92,"column":76}},{"start":{"line":92,"column":79},"end":{"line":92,"column":93}}],"line":92},"1":{"loc":{"start":{"line":106,"column":45},"end":{"line":106,"column":96}},"type":"cond-expr","locations":[{"start":{"line":106,"column":75},"end":{"line":106,"column":79}},{"start":{"line":106,"column":82},"end":{"line":106,"column":96}}],"line":106},"2":{"loc":{"start":{"line":132,"column":45},"end":{"line":132,"column":90}},"type":"cond-expr","locations":[{"start":{"line":132,"column":69},"end":{"line":132,"column":73}},{"start":{"line":132,"column":76},"end":{"line":132,"column":90}}],"line":132},"3":{"loc":{"start":{"line":146,"column":46},"end":{"line":146,"column":91}},"type":"cond-expr","locations":[{"start":{"line":146,"column":70},"end":{"line":146,"column":74}},{"start":{"line":146,"column":77},"end":{"line":146,"column":91}}],"line":146}},"s":{"0":0,"1":0,"2":0,"3":0,"4":0,"5":0,"6":0,"7":0,"8":0,"9":0,"10":0,"11":0,"12":0,"13":0,"14":0,"15":0,"16":0,"17":0,"18":0,"19":0,"20":0,"21":0,"22":0,"23":0,"24":0,"25":0,"26":0,"27":0,"28":0,"29":0,"30":1,"31":1},"f":{"0":0,"1":0,"2":0,"3":0,"4":0,"5":0,"6":0,"7":0,"8":0,"9":0,"10":0,"11":0,"12":0,"13":0,"14":0,"15":0,"16":0,"17":0},"b":{"0":[0,0],"1":[0,0],"2":[0,0],"3":[0,0]},"_coverageSchema":"1a1c01bbd47fc00a2c39e90264f33305004495a9","hash":"aa9af245c99bdd88192ae892d7c820fc8917c6b6"}
,"/Users/kyle/hackreactor/FEC/client/src/spec/mockContext.jsx": {"path":"/Users/kyle/hackreactor/FEC/client/src/spec/mockContext.jsx","statementMap":{"0":{"start":{"line":15,"column":19},"end":{"line":24,"column":1}},"1":{"start":{"line":26,"column":31},"end":{"line":26,"column":56}},"2":{"start":{"line":29,"column":2},"end":{"line":29,"column":92}},"3":{"start":{"line":33,"column":18},"end":{"line":33,"column":45}},"4":{"start":{"line":34,"column":2},"end":{"line":34,"column":17}}},"fnMap":{"0":{"name":"MockContext","decl":{"start":{"line":28,"column":16},"end":{"line":28,"column":27}},"loc":{"start":{"line":28,"column":42},"end":{"line":30,"column":1}},"line":28},"1":{"name":"useMockContext","decl":{"start":{"line":32,"column":16},"end":{"line":32,"column":30}},"loc":{"start":{"line":32,"column":33},"end":{"line":35,"column":1}},"line":32}},"branchMap":{},"s":{"0":1,"1":1,"2":2,"3":9,"4":9},"f":{"0":2,"1":9},"b":{},"_coverageSchema":"1a1c01bbd47fc00a2c39e90264f33305004495a9","hash":"2340a8837d1823e6db110be5a543e344c38a950f"}
,"/Users/kyle/hackreactor/FEC/client/src/spec/mockContextData.js": {"path":"/Users/kyle/hackreactor/FEC/client/src/spec/mockContextData.js","statementMap":{"0":{"start":{"line":5,"column":28},"end":{"line":25,"column":1}},"1":{"start":{"line":27,"column":28},"end":{"line":386,"column":1}},"2":{"start":{"line":388,"column":35},"end":{"line":816,"column":1}},"3":{"start":{"line":818,"column":27},"end":{"line":849,"column":1}},"4":{"start":{"line":851,"column":23},"end":{"line":931,"column":1}},"5":{"start":{"line":933,"column":29},"end":{"line":1016,"column":1}},"6":{"start":{"line":1018,"column":28},"end":{"line":1018,"column":72}},"7":{"start":{"line":1019,"column":25},"end":{"line":1019,"column":69}}},"fnMap":{},"branchMap":{},"s":{"0":1,"1":1,"2":1,"3":1,"4":1,"5":1,"6":1,"7":1},"f":{},"b":{},"_coverageSchema":"1a1c01bbd47fc00a2c39e90264f33305004495a9","hash":"0f241e9c813dbdc6cfb091ac3b1d1841450f9c40"}
}
