TN:
SF:client/helpers.js
FN:4,sumArray
FN:5,(anonymous_1)
FN:8,avgStarValue
FN:10,(anonymous_3)
FN:14,objectSorter
FN:15,(anonymous_5)
FN:27,date
FNF:7
FNH:7
FNDA:3,sumArray
FNDA:15,(anonymous_1)
FNDA:1,avgStarValue
FNDA:5,(anonymous_3)
FNDA:2,objectSorter
FNDA:5,(anonymous_5)
FNDA:4,date
DA:5,15
DA:9,1
DA:10,5
DA:15,2
DA:16,5
DA:17,2
DA:19,3
DA:20,3
DA:22,0
DA:24,2
DA:28,4
DA:29,4
DA:30,4
DA:31,4
DA:32,4
LF:15
LH:14
BRDA:16,0,0,2
BRDA:16,0,1,3
BRDA:19,1,0,3
BRDA:19,1,1,0
BRF:4
BRH:3
end_of_record
TN:
SF:client/src/Context.jsx
FN:11,Context
FN:17,(anonymous_1)
FN:23,handleGetAllProductsInfo
FN:69,(anonymous_3)
FN:84,useProductsContext
FNF:5
FNH:0
FNDA:0,Context
FNDA:0,(anonymous_1)
FNDA:0,handleGetAllProductsInfo
FNDA:0,(anonymous_3)
FNDA:0,useProductsContext
DA:9,1
DA:12,0
DA:13,0
DA:15,0
DA:17,0
DA:19,0
DA:21,0
DA:24,0
DA:30,0
DA:37,0
DA:38,0
DA:39,0
DA:40,0
DA:41,0
DA:42,0
DA:43,0
DA:44,0
DA:45,0
DA:46,0
DA:59,0
DA:60,0
DA:62,0
DA:63,0
DA:66,0
DA:69,0
DA:70,0
DA:73,0
DA:81,0
DA:85,0
DA:86,0
DA:87,0
DA:89,0
LF:32
LH:1
BRDA:86,0,0,0
BRDA:86,0,1,0
BRF:2
BRH:0
end_of_record
TN:
SF:client/src/app.jsx
FN:15,App
FN:20,(anonymous_1)
FNF:2
FNH:0
FNDA:0,App
FNDA:0,(anonymous_1)
DA:16,0
DA:17,0
DA:19,0
DA:20,0
LF:4
LH:0
BRDA:32,0,0,0
BRDA:32,0,1,0
BRDA:38,1,0,0
BRDA:38,1,1,0
BRDA:39,2,0,0
BRDA:39,2,1,0
BRDA:41,3,0,0
BRDA:41,3,1,0
BRF:8
BRH:0
end_of_record
TN:
SF:client/src/app.style.js
FNF:0
FNH:0
DA:9,1
DA:20,1
DA:34,1
DA:47,1
DA:55,1
DA:83,1
LF:6
LH:6
BRF:0
BRH:0
end_of_record
TN:
SF:client/src/header.jsx
FN:4,Header
FNF:1
FNH:0
FNDA:0,Header
DA:6,0
DA:8,0
LF:2
LH:0
BRF:0
BRH:0
end_of_record
TN:
SF:client/src/header.style.js
FNF:0
FNH:0
DA:4,1
LF:1
LH:1
BRF:0
BRH:0
end_of_record
TN:
SF:client/src/overview/overviewContextWrapper.jsx
FN:7,OverviewContextWrapper
FN:29,useOverviewContext
FNF:2
FNH:0
FNDA:0,OverviewContextWrapper
FNDA:0,useOverviewContext
DA:5,1
DA:8,0
DA:9,0
DA:10,0
DA:11,0
DA:12,0
DA:13,0
DA:26,0
DA:30,0
DA:31,0
DA:32,0
DA:34,0
LF:12
LH:1
BRDA:31,0,0,0
BRDA:31,0,1,0
BRF:2
BRH:0
end_of_record
TN:
SF:client/src/overview/addInformation/addInformation.jsx
FN:4,AddInformation
FNF:1
FNH:0
FNDA:0,AddInformation
DA:5,0
DA:7,0
DA:8,0
DA:10,0
LF:4
LH:0
BRDA:7,0,0,0
BRDA:7,0,1,0
BRDA:8,1,0,0
BRDA:8,1,1,0
BRF:4
BRH:0
end_of_record
TN:
SF:client/src/overview/cart/cart.jsx
FN:17,Cart
FN:34,(anonymous_1)
FN:43,(anonymous_2)
FN:46,(anonymous_3)
FN:55,(anonymous_4)
FN:79,(anonymous_5)
FN:86,(anonymous_6)
FNF:7
FNH:0
FNDA:0,Cart
FNDA:0,(anonymous_1)
FNDA:0,(anonymous_2)
FNDA:0,(anonymous_3)
FNDA:0,(anonymous_4)
FNDA:0,(anonymous_5)
FNDA:0,(anonymous_6)
DA:12,1
DA:18,0
DA:19,0
DA:20,0
DA:21,0
DA:22,0
DA:23,0
DA:24,0
DA:26,0
DA:27,0
DA:30,0
DA:34,0
DA:35,0
DA:43,0
DA:46,0
DA:47,0
DA:48,0
DA:49,0
DA:50,0
DA:51,0
DA:52,0
DA:54,0
DA:55,0
DA:56,0
DA:57,0
DA:58,0
DA:61,0
DA:69,0
DA:79,0
DA:86,0
LF:30
LH:1
BRDA:26,0,0,0
BRDA:26,0,1,0
BRDA:26,1,0,0
BRDA:26,1,1,0
BRDA:27,2,0,0
BRDA:27,2,1,0
BRDA:27,3,0,0
BRDA:27,3,1,0
BRDA:57,4,0,0
BRDA:57,4,1,0
BRF:10
BRH:0
end_of_record
TN:
SF:client/src/overview/cart/cart.styles.js
FNF:0
FNH:0
DA:4,1
LF:1
LH:1
BRF:0
BRH:0
end_of_record
TN:
SF:client/src/overview/imageGallery/imageGallery.styles.js
FNF:0
FNH:0
DA:4,1
LF:1
LH:1
BRF:0
BRH:0
end_of_record
TN:
SF:client/src/overview/imageGallery/imageGalleryMain.jsx
FN:15,ImageGalleryMain
FN:23,(anonymous_1)
FN:31,(anonymous_2)
FN:34,(anonymous_3)
FN:41,(anonymous_4)
FN:50,(anonymous_5)
FN:52,(anonymous_6)
FN:60,(anonymous_7)
FN:67,(anonymous_8)
FN:71,(anonymous_9)
FN:76,(anonymous_10)
FN:78,(anonymous_11)
FN:82,(anonymous_12)
FN:84,(anonymous_13)
FNF:14
FNH:0
FNDA:0,ImageGalleryMain
FNDA:0,(anonymous_1)
FNDA:0,(anonymous_2)
FNDA:0,(anonymous_3)
FNDA:0,(anonymous_4)
FNDA:0,(anonymous_5)
FNDA:0,(anonymous_6)
FNDA:0,(anonymous_7)
FNDA:0,(anonymous_8)
FNDA:0,(anonymous_9)
FNDA:0,(anonymous_10)
FNDA:0,(anonymous_11)
FNDA:0,(anonymous_12)
FNDA:0,(anonymous_13)
DA:16,0
DA:17,0
DA:18,0
DA:19,0
DA:20,0
DA:21,0
DA:23,0
DA:24,0
DA:25,0
DA:26,0
DA:30,0
DA:31,0
DA:32,0
DA:34,0
DA:35,0
DA:36,0
DA:37,0
DA:41,0
DA:42,0
DA:43,0
DA:44,0
DA:50,0
DA:51,0
DA:52,0
DA:53,0
DA:54,0
DA:56,0
DA:57,0
DA:58,0
DA:60,0
DA:61,0
DA:62,0
DA:67,0
DA:68,0
DA:71,0
DA:72,0
DA:73,0
DA:74,0
DA:76,0
DA:78,0
DA:79,0
DA:80,0
DA:82,0
DA:84,0
DA:85,0
DA:88,0
LF:46
LH:0
BRDA:24,0,0,0
BRDA:24,0,1,0
BRDA:24,1,0,0
BRDA:24,1,1,0
BRDA:24,1,2,0
BRDA:30,2,0,0
BRDA:30,2,1,0
BRDA:30,3,0,0
BRDA:30,3,1,0
BRDA:32,4,0,0
BRDA:32,4,1,0
BRDA:35,5,0,0
BRDA:35,5,1,0
BRDA:35,6,0,0
BRDA:35,6,1,0
BRDA:42,7,0,0
BRDA:42,7,1,0
BRDA:56,8,0,0
BRDA:56,8,1,0
BRDA:72,9,0,0
BRDA:72,9,1,0
BRDA:79,10,0,0
BRDA:79,10,1,0
BRDA:93,11,0,0
BRDA:93,11,1,0
BRF:25
BRH:0
end_of_record
TN:
SF:client/src/overview/imageGallery/imageGalleryMain.styles.js
FN:56,(anonymous_0)
FN:72,(anonymous_1)
FNF:2
FNH:0
FNDA:0,(anonymous_0)
FNDA:0,(anonymous_1)
DA:4,1
DA:49,1
DA:56,0
DA:70,1
DA:72,0
LF:5
LH:3
BRF:0
BRH:0
end_of_record
TN:
SF:client/src/overview/imageGallery/imageGallery_thumbnailScroll.jsx
FN:11,ImageGalleryThumbnailScroll
FN:17,(anonymous_1)
FN:25,(anonymous_2)
FN:27,(anonymous_3)
FN:41,(anonymous_4)
FNF:5
FNH:0
FNDA:0,ImageGalleryThumbnailScroll
FNDA:0,(anonymous_1)
FNDA:0,(anonymous_2)
FNDA:0,(anonymous_3)
FNDA:0,(anonymous_4)
DA:12,0
DA:15,0
DA:16,0
DA:17,0
DA:18,0
DA:19,0
DA:20,0
DA:24,0
DA:25,0
DA:27,0
DA:28,0
DA:29,0
DA:30,0
DA:31,0
DA:37,0
DA:42,0
LF:16
LH:0
BRDA:18,0,0,0
BRDA:18,0,1,0
BRDA:18,1,0,0
BRDA:18,1,1,0
BRDA:24,2,0,0
BRDA:24,2,1,0
BRDA:24,3,0,0
BRDA:24,3,1,0
BRDA:28,4,0,0
BRDA:28,4,1,0
BRDA:28,5,0,0
BRDA:28,5,1,0
BRDA:41,6,0,0
BRDA:41,6,1,0
BRF:14
BRH:0
end_of_record
TN:
SF:client/src/overview/imageGallery/imageGallery_thumbnails.jsx
FN:7,ImageGalleryThumbnails
FN:10,(anonymous_1)
FN:14,(anonymous_2)
FNF:3
FNH:0
FNDA:0,ImageGalleryThumbnails
FNDA:0,(anonymous_1)
FNDA:0,(anonymous_2)
DA:8,0
DA:9,0
DA:10,0
DA:11,0
DA:14,0
DA:15,0
DA:16,0
DA:17,0
DA:20,0
LF:9
LH:0
BRDA:23,0,0,0
BRDA:23,0,1,0
BRF:2
BRH:0
end_of_record
TN:
SF:client/src/overview/imageGallery/imageGallery_thumbnails.styles.js
FN:26,(anonymous_0)
FNF:1
FNH:0
FNDA:0,(anonymous_0)
DA:4,1
DA:11,1
DA:24,1
DA:26,0
LF:4
LH:3
BRF:0
BRH:0
end_of_record
TN:
SF:client/src/overview/productInformation/productInformation.jsx
FN:5,ProductInformation
FNF:1
FNH:0
FNDA:0,ProductInformation
DA:6,0
DA:8,0
DA:9,0
DA:12,0
LF:4
LH:0
BRDA:8,0,0,0
BRDA:8,0,1,0
BRDA:8,1,0,0
BRDA:8,1,1,0
BRF:4
BRH:0
end_of_record
TN:
SF:client/src/overview/productInformation/productInformation.styles.js
FNF:0
FNH:0
DA:4,1
LF:1
LH:1
BRF:0
BRH:0
end_of_record
TN:
SF:client/src/overview/productsOverview/productsOverview.jsx
FN:13,ProductsOverview
FNF:1
FNH:0
FNDA:0,ProductsOverview
DA:14,0
LF:1
LH:0
BRF:0
BRH:0
end_of_record
TN:
SF:client/src/overview/productsOverview/productsOverview.styles.js
FNF:0
FNH:0
DA:4,1
DA:15,1
DA:27,1
DA:38,1
DA:51,1
LF:5
LH:5
BRF:0
BRH:0
end_of_record
TN:
SF:client/src/overview/starRating/starRating.jsx
FN:5,StarRating
FNF:1
FNH:0
FNDA:0,StarRating
DA:6,0
DA:7,0
DA:9,0
LF:3
LH:0
BRF:0
BRH:0
end_of_record
TN:
SF:client/src/overview/starRating/starRating.styles.js
FNF:0
FNH:0
DA:5,1
LF:1
LH:1
BRF:0
BRH:0
end_of_record
TN:
SF:client/src/overview/styleSelector/styleSelector.jsx
FN:13,styleSelector
FN:20,(anonymous_1)
FN:28,(anonymous_2)
FN:31,(anonymous_3)
FN:54,(anonymous_4)
FNF:5
FNH:0
FNDA:0,styleSelector
FNDA:0,(anonymous_1)
FNDA:0,(anonymous_2)
FNDA:0,(anonymous_3)
FNDA:0,(anonymous_4)
DA:14,0
DA:17,0
DA:20,0
DA:21,0
DA:22,0
DA:23,0
DA:27,0
DA:28,0
DA:31,0
DA:32,0
DA:33,0
DA:36,0
DA:37,0
DA:39,0
DA:55,0
LF:15
LH:0
BRDA:21,0,0,0
BRDA:21,0,1,0
BRDA:21,1,0,0
BRDA:21,1,1,0
BRDA:27,2,0,0
BRDA:27,2,1,0
BRDA:27,3,0,0
BRDA:27,3,1,0
BRDA:32,4,0,0
BRDA:32,4,1,0
BRDA:32,5,0,0
BRDA:32,5,1,0
BRDA:36,6,0,0
BRDA:36,6,1,0
BRDA:36,7,0,0
BRDA:36,7,1,0
BRDA:37,8,0,0
BRDA:37,8,1,0
BRDA:37,9,0,0
BRDA:37,9,1,0
BRDA:42,10,0,0
BRDA:42,10,1,0
BRDA:42,11,0,0
BRDA:42,11,1,0
BRDA:54,12,0,0
BRDA:54,12,1,0
BRF:26
BRH:0
end_of_record
TN:
SF:client/src/overview/styleSelector/styleSelector.styles.js
FNF:0
FNH:0
DA:4,1
DA:26,1
LF:2
LH:2
BRF:0
BRH:0
end_of_record
TN:
SF:client/src/overview/styleSelector/styleSelectorThumbs.styles.js
FN:11,(anonymous_0)
FNF:1
FNH:0
FNDA:0,(anonymous_0)
DA:4,1
DA:8,1
DA:11,0
LF:3
LH:2
BRF:0
BRH:0
end_of_record
TN:
SF:client/src/overview/styleSelector/styleThumbsRender.jsx
FN:6,StyleThumbsRender
FN:12,(anonymous_1)
FN:16,(anonymous_2)
FNF:3
FNH:0
FNDA:0,StyleThumbsRender
FNDA:0,(anonymous_1)
FNDA:0,(anonymous_2)
DA:9,0
DA:10,0
DA:12,0
DA:13,0
DA:16,0
DA:17,0
DA:18,0
DA:19,0
DA:20,0
DA:23,0
LF:10
LH:0
BRDA:28,0,0,0
BRDA:28,0,1,0
BRF:2
BRH:0
end_of_record
TN:
SF:client/src/questionsAnswers/answerQuestionForm.jsx
FN:7,AnswerModal
FN:15,(anonymous_1)
FN:24,(anonymous_2)
FN:27,(anonymous_3)
FN:30,(anonymous_4)
FN:38,(anonymous_5)
FN:39,(anonymous_6)
FN:48,(anonymous_7)
FN:52,(anonymous_8)
FN:56,(anonymous_9)
FNF:10
FNH:0
FNDA:0,AnswerModal
FNDA:0,(anonymous_1)
FNDA:0,(anonymous_2)
FNDA:0,(anonymous_3)
FNDA:0,(anonymous_4)
FNDA:0,(anonymous_5)
FNDA:0,(anonymous_6)
FNDA:0,(anonymous_7)
FNDA:0,(anonymous_8)
FNDA:0,(anonymous_9)
DA:8,0
DA:9,0
DA:15,0
DA:16,0
DA:17,0
DA:20,0
DA:21,0
DA:24,0
DA:25,0
DA:26,0
DA:28,0
DA:31,0
DA:33,0
DA:34,0
DA:37,0
DA:38,0
DA:39,0
DA:48,0
DA:52,0
DA:56,0
LF:20
LH:0
BRDA:20,0,0,0
BRDA:20,0,1,0
BRF:2
BRH:0
end_of_record
TN:
SF:client/src/questionsAnswers/qa.jsx
FN:7,QA
FN:15,(anonymous_1)
FN:18,(anonymous_2)
FN:21,(anonymous_3)
FN:34,(anonymous_4)
FN:42,(anonymous_5)
FN:51,(anonymous_6)
FNF:7
FNH:2
FNDA:1,QA
FNDA:0,(anonymous_1)
FNDA:0,(anonymous_2)
FNDA:0,(anonymous_3)
FNDA:0,(anonymous_4)
FNDA:2,(anonymous_5)
FNDA:0,(anonymous_6)
DA:8,1
DA:9,1
DA:10,1
DA:11,1
DA:12,1
DA:13,0
DA:15,1
DA:16,0
DA:18,1
DA:19,0
DA:21,1
DA:22,0
DA:23,0
DA:24,0
DA:27,1
DA:34,0
DA:43,2
DA:52,0
LF:18
LH:10
BRDA:12,0,0,0
BRDA:12,0,1,1
BRDA:37,1,0,0
BRDA:37,1,1,1
BRDA:40,2,0,1
BRDA:40,2,1,0
BRDA:64,3,0,0
BRDA:64,3,1,1
BRF:8
BRH:4
end_of_record
TN:
SF:client/src/questionsAnswers/questionForm.jsx
FN:7,QuestionModal
FN:17,(anonymous_1)
FN:31,(anonymous_2)
FN:34,(anonymous_3)
FN:42,(anonymous_4)
FN:47,(anonymous_5)
FNF:6
FNH:0
FNDA:0,QuestionModal
FNDA:0,(anonymous_1)
FNDA:0,(anonymous_2)
FNDA:0,(anonymous_3)
FNDA:0,(anonymous_4)
FNDA:0,(anonymous_5)
DA:8,0
DA:9,0
DA:11,0
DA:12,0
DA:17,0
DA:18,0
DA:19,0
DA:20,0
DA:21,0
DA:22,0
DA:28,0
DA:30,0
DA:32,0
DA:35,0
DA:37,0
DA:40,0
DA:42,0
DA:48,0
LF:18
LH:0
BRDA:11,0,0,0
BRDA:11,0,1,0
BRF:2
BRH:0
end_of_record
TN:
SF:client/src/questionsAnswers/answers/answerItem.jsx
FN:6,AnswerItem
FNF:1
FNH:1
FNDA:4,AnswerItem
DA:7,4
DA:9,4
LF:2
LH:2
BRDA:17,0,0,0
BRDA:17,0,1,4
BRF:2
BRH:1
end_of_record
TN:
SF:client/src/questionsAnswers/answers/helpfulAnswer.jsx
FN:4,Helpful
FN:6,(anonymous_1)
FN:9,(anonymous_2)
FN:13,(anonymous_3)
FNF:4
FNH:1
FNDA:4,Helpful
FNDA:0,(anonymous_1)
FNDA:0,(anonymous_2)
FNDA:0,(anonymous_3)
DA:5,4
DA:6,4
DA:7,0
DA:8,0
DA:10,0
DA:11,0
DA:14,0
DA:18,4
LF:8
LH:3
BRDA:20,0,0,0
BRDA:20,0,1,4
BRF:2
BRH:1
end_of_record
TN:
SF:client/src/questionsAnswers/answers/reportAnswer.jsx
FN:4,Report
FN:6,(anonymous_1)
FN:9,(anonymous_2)
FN:13,(anonymous_3)
FNF:4
FNH:1
FNDA:4,Report
FNDA:0,(anonymous_1)
FNDA:0,(anonymous_2)
FNDA:0,(anonymous_3)
DA:5,4
DA:6,4
DA:7,0
DA:8,0
DA:10,0
DA:11,0
DA:14,0
DA:16,0
DA:18,4
LF:9
LH:3
BRDA:20,0,0,0
BRDA:20,0,1,4
BRF:2
BRH:1
end_of_record
TN:
SF:client/src/questionsAnswers/questions/background.style.js
FN:18,(anonymous_0)
FN:20,(anonymous_1)
FNF:2
FNH:0
FNDA:0,(anonymous_0)
FNDA:0,(anonymous_1)
DA:3,1
DA:14,1
DA:18,0
DA:20,0
LF:4
LH:2
BRF:0
BRH:0
end_of_record
TN:
SF:client/src/questionsAnswers/questions/helpfulQuestion.jsx
FN:5,Helpful
FN:10,(anonymous_1)
FN:13,(anonymous_2)
FN:17,(anonymous_3)
FNF:4
FNH:1
FNDA:2,Helpful
FNDA:0,(anonymous_1)
FNDA:0,(anonymous_2)
FNDA:0,(anonymous_3)
DA:6,2
DA:7,2
DA:8,2
DA:10,2
DA:11,0
DA:12,0
DA:14,0
DA:15,0
DA:18,0
DA:22,2
LF:10
LH:5
BRDA:25,0,0,2
BRDA:25,0,1,0
BRF:2
BRH:1
end_of_record
TN:
SF:client/src/questionsAnswers/questions/question.jsx
FN:7,Question
FN:12,(anonymous_1)
FN:15,(anonymous_2)
FN:31,(anonymous_3)
FN:34,(anonymous_4)
FNF:5
FNH:2
FNDA:2,Question
FNDA:0,(anonymous_1)
FNDA:0,(anonymous_2)
FNDA:4,(anonymous_3)
FNDA:0,(anonymous_4)
DA:8,2
DA:9,2
DA:10,2
DA:11,2
DA:12,2
DA:13,0
DA:15,2
DA:16,0
DA:17,0
DA:18,0
DA:21,2
DA:31,4
DA:34,0
LF:13
LH:8
BRDA:29,0,0,2
BRDA:29,0,1,0
BRDA:37,1,0,2
BRDA:37,1,1,0
BRF:4
BRH:2
end_of_record
TN:
SF:client/src/questionsAnswers/questions/reportQuestion.jsx
FN:4,Report
FN:6,(anonymous_1)
FN:8,(anonymous_2)
FN:12,(anonymous_3)
FNF:4
FNH:1
FNDA:2,Report
FNDA:0,(anonymous_1)
FNDA:0,(anonymous_2)
FNDA:0,(anonymous_3)
DA:5,2
DA:6,2
DA:7,0
DA:9,0
DA:10,0
DA:13,0
DA:17,2
LF:7
LH:3
BRDA:19,0,0,2
BRDA:19,0,1,0
BRF:2
BRH:1
end_of_record
TN:
SF:client/src/related_comparison/Card.jsx
FN:5,Card
FN:8,(anonymous_1)
FNF:2
FNH:1
FNDA:1,Card
FNDA:0,(anonymous_1)
DA:8,1
DA:9,0
DA:10,0
DA:11,0
DA:12,0
DA:13,0
DA:14,0
DA:15,0
DA:16,0
DA:17,0
DA:20,1
DA:47,1
DA:54,1
DA:67,1
DA:80,1
DA:85,1
DA:89,1
LF:17
LH:8
BRDA:11,0,0,0
BRDA:11,0,1,0
BRF:2
BRH:0
end_of_record
TN:
SF:client/src/related_comparison/ComparisonModal.jsx
FN:5,ComparisonModal
FN:8,(anonymous_1)
FN:16,(anonymous_2)
FN:58,(anonymous_3)
FNF:4
FNH:3
FNDA:1,ComparisonModal
FNDA:12,(anonymous_1)
FNDA:1,(anonymous_2)
FNDA:0,(anonymous_3)
DA:8,1
DA:9,12
DA:10,12
DA:11,12
DA:13,12
DA:16,1
DA:18,1
DA:19,1
DA:20,1
DA:21,1
DA:23,1
DA:24,0
DA:26,1
DA:28,1
DA:29,4
DA:30,2
DA:31,2
DA:33,4
DA:34,4
DA:35,4
DA:38,1
DA:39,1
DA:41,1
DA:42,1
DA:59,0
DA:77,1
DA:90,1
DA:101,1
DA:107,1
DA:111,1
DA:115,1
DA:119,1
LF:32
LH:30
BRDA:10,0,0,12
BRDA:10,0,1,0
BRDA:23,1,0,0
BRDA:23,1,1,1
BRDA:29,2,0,2
BRDA:29,2,1,2
BRDA:33,3,0,4
BRDA:33,3,1,0
BRDA:43,4,0,1
BRDA:43,4,1,0
BRDA:61,5,0,0
BRDA:61,5,1,0
BRDA:65,6,0,0
BRDA:65,6,1,0
BRF:14
BRH:6
end_of_record
TN:
SF:client/src/related_comparison/OutfitList.jsx
FN:6,OutfitList
FN:13,(anonymous_1)
FN:18,(anonymous_2)
FN:26,(anonymous_3)
FN:34,(anonymous_4)
FN:39,(anonymous_5)
FN:68,(anonymous_6)
FNF:7
FNH:0
FNDA:0,OutfitList
FNDA:0,(anonymous_1)
FNDA:0,(anonymous_2)
FNDA:0,(anonymous_3)
FNDA:0,(anonymous_4)
FNDA:0,(anonymous_5)
FNDA:0,(anonymous_6)
DA:9,0
DA:10,0
DA:11,0
DA:13,0
DA:14,0
DA:15,0
DA:18,0
DA:19,0
DA:20,0
DA:21,0
DA:22,0
DA:24,0
DA:26,0
DA:27,0
DA:28,0
DA:29,0
DA:30,0
DA:32,0
DA:34,0
DA:35,0
DA:36,0
DA:39,0
DA:40,0
DA:41,0
DA:42,0
DA:43,0
DA:44,0
DA:45,0
DA:46,0
DA:47,0
DA:53,0
DA:54,0
DA:56,0
DA:69,0
DA:86,1
DA:95,1
DA:107,1
DA:114,1
LF:38
LH:4
BRDA:20,0,0,0
BRDA:20,0,1,0
BRDA:28,1,0,0
BRDA:28,1,1,0
BRDA:42,2,0,0
BRDA:42,2,1,0
BRDA:53,3,0,0
BRDA:53,3,1,0
BRDA:68,4,0,0
BRDA:68,4,1,0
BRF:10
BRH:0
end_of_record
TN:
SF:client/src/related_comparison/OutfitListEntry.jsx
FN:5,OutfitListEntry
FN:9,(anonymous_1)
FN:15,(anonymous_2)
FNF:3
FNH:0
FNDA:0,OutfitListEntry
FNDA:0,(anonymous_1)
FNDA:0,(anonymous_2)
DA:9,0
DA:10,0
DA:11,0
DA:12,0
DA:13,0
DA:15,0
DA:16,0
DA:17,0
DA:20,0
DA:45,1
DA:57,1
DA:70,1
DA:75,1
DA:79,1
LF:14
LH:5
BRDA:23,0,0,0
BRDA:23,0,1,0
BRF:2
BRH:0
end_of_record
TN:
SF:client/src/related_comparison/RelatedProductList.jsx
FN:6,RelatedProductList
FN:18,(anonymous_1)
FNF:2
FNH:2
FNDA:1,RelatedProductList
FNDA:1,(anonymous_1)
DA:7,1
DA:8,1
DA:9,0
DA:11,1
DA:19,1
DA:36,1
DA:45,1
LF:7
LH:6
BRDA:8,0,0,0
BRDA:8,0,1,1
BRF:2
BRH:1
end_of_record
TN:
SF:client/src/related_comparison/RelatedProductListEntry.jsx
FN:6,RelatedProductListEntry
FN:10,(anonymous_1)
FNF:2
FNH:1
FNDA:1,RelatedProductListEntry
FNDA:0,(anonymous_1)
DA:9,1
DA:10,1
DA:11,0
DA:13,1
DA:15,1
DA:42,1
LF:6
LH:5
BRDA:13,0,0,1
BRDA:13,0,1,0
BRF:2
BRH:1
end_of_record
TN:
SF:client/src/reviews/ProductBreakdown.jsx
FN:4,ProductBreakdown
FN:9,(anonymous_1)
FNF:2
FNH:2
FNDA:1,ProductBreakdown
FNDA:4,(anonymous_1)
DA:5,1
DA:6,1
DA:7,0
DA:9,1
DA:10,4
DA:15,1
LF:6
LH:5
BRDA:6,0,0,0
BRDA:6,0,1,1
BRF:2
BRH:1
end_of_record
TN:
SF:client/src/reviews/RatingsBreakdown.jsx
FN:5,RatingsBreakdown
FN:14,RatingSummary
FN:27,StarsBreakdown
FN:32,(anonymous_3)
FNF:4
FNH:4
FNDA:2,RatingsBreakdown
FNDA:2,RatingSummary
FNDA:2,StarsBreakdown
FNDA:10,(anonymous_3)
DA:6,2
DA:15,2
DA:16,2
DA:17,0
DA:19,2
DA:28,2
DA:29,2
DA:30,0
DA:32,2
DA:33,10
DA:39,2
DA:40,2
LF:12
LH:10
BRDA:16,0,0,0
BRDA:16,0,1,2
BRDA:29,1,0,0
BRDA:29,1,1,2
BRF:4
BRH:2
end_of_record
TN:
SF:client/src/reviews/ReviewTile.jsx
FN:5,ReviewTile
FN:30,(anonymous_1)
FN:32,(anonymous_2)
FN:36,(anonymous_3)
FN:47,(anonymous_4)
FN:49,(anonymous_5)
FN:53,(anonymous_6)
FNF:7
FNH:1
FNDA:2,ReviewTile
FNDA:0,(anonymous_1)
FNDA:0,(anonymous_2)
FNDA:0,(anonymous_3)
FNDA:0,(anonymous_4)
FNDA:0,(anonymous_5)
FNDA:0,(anonymous_6)
DA:6,2
DA:7,2
DA:8,2
DA:9,0
DA:11,2
DA:31,0
DA:33,0
DA:34,0
DA:36,0
DA:48,0
DA:50,0
DA:51,0
DA:53,0
LF:13
LH:4
BRDA:8,0,0,0
BRDA:8,0,1,2
BRDA:17,1,0,1
BRDA:17,1,1,1
BRDA:19,2,0,2
BRDA:19,2,1,0
BRDA:20,3,0,0
BRDA:20,3,1,2
BRF:8
BRH:5
end_of_record
TN:
SF:client/src/reviews/Reviews.jsx
FN:6,Reviews
FNF:1
FNH:1
FNDA:1,Reviews
DA:7,1
DA:18,1
LF:2
LH:2
BRF:0
BRH:0
end_of_record
TN:
SF:client/src/reviews/ReviewsList.jsx
FN:6,ReviewsList
FN:14,(anonymous_1)
FN:25,(anonymous_2)
FN:28,(anonymous_3)
FN:36,(anonymous_4)
FN:52,(anonymous_5)
FN:68,(anonymous_6)
FNF:7
FNH:2
FNDA:1,ReviewsList
FNDA:5,(anonymous_1)
FNDA:0,(anonymous_2)
FNDA:0,(anonymous_3)
FNDA:0,(anonymous_4)
FNDA:0,(anonymous_5)
FNDA:0,(anonymous_6)
DA:7,1
DA:8,1
DA:9,1
DA:10,0
DA:14,1
DA:15,5
DA:17,1
DA:26,0
DA:27,0
DA:29,0
DA:36,0
DA:53,0
DA:54,0
DA:59,0
DA:69,0
DA:70,0
LF:16
LH:6
BRDA:9,0,0,0
BRDA:9,0,1,1
BRDA:49,1,0,1
BRDA:49,1,1,1
BRDA:53,2,0,0
BRDA:53,2,1,0
BRDA:54,3,0,0
BRDA:54,3,1,0
BRF:8
BRH:3
end_of_record
TN:
SF:client/src/reviews/ReviewsMeta.jsx
FN:5,ReviewsMeta
FNF:1
FNH:1
FNDA:1,ReviewsMeta
DA:6,1
LF:1
LH:1
BRF:0
BRH:0
end_of_record
TN:
SF:client/src/reviews/Stars.jsx
FN:4,Stars
FNF:1
FNH:1
FNDA:3,Stars
DA:5,3
DA:10,1
LF:2
LH:2
BRF:0
BRH:0
end_of_record
TN:
SF:client/src/reviews/WriteCharacteristic.jsx
FN:4,WriteCharacteristic
FN:25,(anonymous_1)
FN:72,(anonymous_2)
FN:76,(anonymous_3)
FN:77,(anonymous_4)
FNF:5
FNH:0
FNDA:0,WriteCharacteristic
FNDA:0,(anonymous_1)
FNDA:0,(anonymous_2)
FNDA:0,(anonymous_3)
FNDA:0,(anonymous_4)
DA:5,0
DA:6,0
DA:14,0
DA:26,0
DA:27,0
DA:48,1
DA:58,1
DA:71,1
DA:72,0
DA:75,1
DA:76,0
DA:77,0
LF:12
LH:4
BRDA:21,0,0,0
BRDA:21,0,1,0
BRDA:77,1,0,0
BRDA:77,1,1,0
BRF:4
BRH:0
end_of_record
TN:
SF:client/src/reviews/WriteReview.jsx
FN:8,WriteReview
FN:25,(anonymous_1)
FN:30,(anonymous_2)
FN:57,(anonymous_3)
FN:73,(anonymous_4)
FN:91,(anonymous_5)
FN:105,(anonymous_6)
FN:113,(anonymous_7)
FN:131,(anonymous_8)
FN:145,(anonymous_9)
FN:153,(anonymous_10)
FN:155,(anonymous_11)
FN:170,(anonymous_12)
FN:181,(anonymous_13)
FN:182,(anonymous_14)
FN:183,(anonymous_15)
FN:192,PhotoInput
FN:199,(anonymous_17)
FNF:18
FNH:0
FNDA:0,WriteReview
FNDA:0,(anonymous_1)
FNDA:0,(anonymous_2)
FNDA:0,(anonymous_3)
FNDA:0,(anonymous_4)
FNDA:0,(anonymous_5)
FNDA:0,(anonymous_6)
FNDA:0,(anonymous_7)
FNDA:0,(anonymous_8)
FNDA:0,(anonymous_9)
FNDA:0,(anonymous_10)
FNDA:0,(anonymous_11)
FNDA:0,(anonymous_12)
FNDA:0,(anonymous_13)
FNDA:0,(anonymous_14)
FNDA:0,(anonymous_15)
FNDA:0,PhotoInput
FNDA:0,(anonymous_17)
DA:9,0
DA:10,0
DA:11,0
DA:12,0
DA:23,0
DA:26,0
DA:31,0
DA:58,0
DA:74,0
DA:92,0
DA:106,0
DA:114,0
DA:132,0
DA:146,0
DA:154,0
DA:156,0
DA:157,0
DA:168,0
DA:171,0
DA:172,0
DA:173,0
DA:179,0
DA:181,0
DA:182,0
DA:183,0
DA:184,0
DA:193,0
DA:194,0
DA:200,0
DA:201,0
DA:209,1
DA:220,1
LF:32
LH:2
BRDA:92,0,0,0
BRDA:92,0,1,0
BRDA:106,1,0,0
BRDA:106,1,1,0
BRDA:132,2,0,0
BRDA:132,2,1,0
BRDA:146,3,0,0
BRDA:146,3,1,0
BRF:8
BRH:0
end_of_record
TN:
SF:client/src/spec/mockContext.jsx
FN:28,MockContext
FN:32,useMockContext
FNF:2
FNH:2
FNDA:2,MockContext
FNDA:8,useMockContext
DA:15,1
DA:26,1
DA:29,2
DA:33,8
DA:34,8
LF:5
LH:5
BRF:0
BRH:0
end_of_record
TN:
SF:client/src/spec/mockContextData.js
FNF:0
FNH:0
DA:5,1
DA:27,1
DA:388,1
DA:818,1
DA:851,1
DA:933,1
DA:1018,1
DA:1019,1
LF:8
LH:8
BRF:0
BRH:0
end_of_record
