TN:
SF:client/helpers.js
FN:4,sumArray
FN:5,(anonymous_1)
FN:8,avgStarValue
FN:10,(anonymous_3)
FN:14,objectSorter
FN:15,(anonymous_5)
FN:27,date
FNF:7
FNH:4
FNDA:3,sumArray
FNDA:15,(anonymous_1)
FNDA:1,avgStarValue
FNDA:5,(anonymous_3)
FNDA:0,objectSorter
FNDA:0,(anonymous_5)
FNDA:0,date
DA:5,15
DA:9,1
DA:10,5
DA:15,0
DA:16,0
DA:17,0
DA:19,0
DA:20,0
DA:22,0
DA:24,0
DA:28,0
DA:29,0
DA:30,0
DA:31,0
DA:32,0
LF:15
LH:3
BRDA:16,0,0,0
BRDA:16,0,1,0
BRDA:19,1,0,0
BRDA:19,1,1,0
BRF:4
BRH:0
end_of_record
TN:
SF:client/src/Context.jsx
FN:11,Context
FN:17,(anonymous_1)
FN:23,handleGetAllProductsInfo
FN:69,(anonymous_3)
FN:84,useProductsContext
FNF:5
FNH:0
FNDA:0,Context
FNDA:0,(anonymous_1)
FNDA:0,handleGetAllProductsInfo
FNDA:0,(anonymous_3)
FNDA:0,useProductsContext
DA:9,1
DA:12,0
DA:13,0
DA:15,0
DA:17,0
DA:19,0
DA:21,0
DA:24,0
DA:30,0
DA:37,0
DA:38,0
DA:39,0
DA:40,0
DA:41,0
DA:42,0
DA:43,0
DA:44,0
DA:45,0
DA:46,0
DA:59,0
DA:60,0
DA:62,0
DA:63,0
DA:66,0
DA:69,0
DA:70,0
DA:73,0
DA:81,0
DA:85,0
DA:86,0
DA:87,0
DA:89,0
LF:32
LH:1
BRDA:86,0,0,0
BRDA:86,0,1,0
BRF:2
BRH:0
end_of_record
TN:
SF:client/src/app.jsx
FN:15,App
FN:19,(anonymous_1)
FNF:2
FNH:0
FNDA:0,App
FNDA:0,(anonymous_1)
DA:16,0
DA:17,0
DA:18,0
DA:19,0
LF:4
LH:0
BRDA:31,0,0,0
BRDA:31,0,1,0
BRDA:37,1,0,0
BRDA:37,1,1,0
BRDA:38,2,0,0
BRDA:38,2,1,0
BRDA:40,3,0,0
BRDA:40,3,1,0
BRF:8
BRH:0
end_of_record
TN:
SF:client/src/app.style.js
FNF:0
FNH:0
DA:9,1
DA:24,1
DA:38,1
DA:51,1
DA:59,1
DA:87,1
LF:6
LH:6
BRF:0
BRH:0
end_of_record
TN:
SF:client/src/header.jsx
FN:4,Header
FNF:1
FNH:0
FNDA:0,Header
DA:6,0
DA:8,0
LF:2
LH:0
BRF:0
BRH:0
end_of_record
TN:
SF:client/src/header.style.js
FNF:0
FNH:0
DA:4,1
LF:1
LH:1
BRF:0
BRH:0
end_of_record
TN:
SF:client/src/overview/overviewContextWrapper.jsx
FN:7,OverviewContextWrapper
FN:30,useOverviewContext
FNF:2
FNH:0
FNDA:0,OverviewContextWrapper
FNDA:0,useOverviewContext
DA:5,1
DA:8,0
DA:9,0
DA:10,0
DA:11,0
DA:12,0
DA:14,0
DA:27,0
DA:31,0
DA:32,0
DA:33,0
DA:35,0
LF:12
LH:1
BRDA:32,0,0,0
BRDA:32,0,1,0
BRF:2
BRH:0
end_of_record
TN:
SF:client/src/overview/addInformation/addInformation.jsx
FN:4,AddInformation
FNF:1
FNH:1
FNDA:1,AddInformation
DA:5,1
DA:7,1
DA:8,1
DA:10,1
LF:4
LH:4
BRDA:7,0,0,1
BRDA:7,0,1,0
BRDA:8,1,0,1
BRDA:8,1,1,0
BRF:4
BRH:2
end_of_record
TN:
SF:client/src/overview/cart/cart.jsx
FN:17,Cart
FN:33,(anonymous_1)
FN:40,(anonymous_2)
FN:46,(anonymous_3)
FN:51,(anonymous_4)
FN:60,(anonymous_5)
FN:64,(anonymous_6)
FN:71,(anonymous_7)
FN:96,(anonymous_8)
FN:103,(anonymous_9)
FNF:10
FNH:4
FNDA:8,Cart
FNDA:48,(anonymous_1)
FNDA:0,(anonymous_2)
FNDA:0,(anonymous_3)
FNDA:0,(anonymous_4)
FNDA:0,(anonymous_5)
FNDA:0,(anonymous_6)
FNDA:4,(anonymous_7)
FNDA:48,(anonymous_8)
FNDA:0,(anonymous_9)
DA:12,1
DA:18,8
DA:19,8
DA:20,8
DA:21,8
DA:22,8
DA:23,8
DA:24,8
DA:25,8
DA:26,8
DA:28,8
DA:29,8
DA:32,8
DA:33,8
DA:34,48
DA:40,8
DA:41,0
DA:45,0
DA:51,8
DA:52,0
DA:53,0
DA:54,0
DA:55,0
DA:56,0
DA:57,0
DA:58,0
DA:60,8
DA:61,0
DA:64,8
DA:65,0
DA:66,0
DA:70,8
DA:71,8
DA:72,4
DA:73,0
DA:74,0
DA:77,4
DA:85,8
DA:96,48
DA:103,0
LF:40
LH:25
BRDA:28,0,0,8
BRDA:28,0,1,0
BRDA:28,1,0,8
BRDA:28,1,1,8
BRDA:29,2,0,8
BRDA:29,2,1,0
BRDA:29,3,0,8
BRDA:29,3,1,8
BRDA:65,4,0,0
BRDA:65,4,1,0
BRDA:73,5,0,0
BRDA:73,5,1,0
BRDA:92,6,0,0
BRDA:92,6,1,8
BRDA:107,7,0,8
BRDA:107,7,1,8
BRF:16
BRH:9
end_of_record
TN:
SF:client/src/overview/cart/cart.styles.js
FNF:0
FNH:0
DA:4,1
LF:1
LH:1
BRF:0
BRH:0
end_of_record
TN:
SF:client/src/overview/imageGallery/imageGallery.styles.js
FNF:0
FNH:0
DA:4,1
LF:1
LH:1
BRF:0
BRH:0
end_of_record
TN:
SF:client/src/overview/imageGallery/imageGalleryMain.jsx
FN:15,ImageGalleryMain
FN:21,(anonymous_1)
FN:29,(anonymous_2)
FN:32,(anonymous_3)
FN:39,(anonymous_4)
FN:46,(anonymous_5)
FN:48,(anonymous_6)
FN:55,(anonymous_7)
FN:62,(anonymous_8)
FN:66,(anonymous_9)
FN:71,(anonymous_10)
FN:73,(anonymous_11)
FN:77,(anonymous_12)
FN:79,(anonymous_13)
FNF:14
FNH:0
FNDA:0,ImageGalleryMain
FNDA:0,(anonymous_1)
FNDA:0,(anonymous_2)
FNDA:0,(anonymous_3)
FNDA:0,(anonymous_4)
FNDA:0,(anonymous_5)
FNDA:0,(anonymous_6)
FNDA:0,(anonymous_7)
FNDA:0,(anonymous_8)
FNDA:0,(anonymous_9)
FNDA:0,(anonymous_10)
FNDA:0,(anonymous_11)
FNDA:0,(anonymous_12)
FNDA:0,(anonymous_13)
DA:16,0
DA:17,0
DA:18,0
DA:19,0
DA:21,0
DA:22,0
DA:23,0
DA:24,0
DA:28,0
DA:29,0
DA:30,0
DA:32,0
DA:33,0
DA:34,0
DA:35,0
DA:39,0
DA:40,0
DA:41,0
DA:42,0
DA:46,0
DA:47,0
DA:48,0
DA:49,0
DA:50,0
DA:52,0
DA:53,0
DA:55,0
DA:56,0
DA:57,0
DA:62,0
DA:63,0
DA:66,0
DA:67,0
DA:68,0
DA:69,0
DA:71,0
DA:73,0
DA:74,0
DA:75,0
DA:77,0
DA:79,0
DA:80,0
DA:83,0
LF:43
LH:0
BRDA:22,0,0,0
BRDA:22,0,1,0
BRDA:22,1,0,0
BRDA:22,1,1,0
BRDA:22,1,2,0
BRDA:28,2,0,0
BRDA:28,2,1,0
BRDA:28,3,0,0
BRDA:28,3,1,0
BRDA:30,4,0,0
BRDA:30,4,1,0
BRDA:33,5,0,0
BRDA:33,5,1,0
BRDA:33,6,0,0
BRDA:33,6,1,0
BRDA:40,7,0,0
BRDA:40,7,1,0
BRDA:52,8,0,0
BRDA:52,8,1,0
BRDA:67,9,0,0
BRDA:67,9,1,0
BRDA:74,10,0,0
BRDA:74,10,1,0
BRDA:85,11,0,0
BRDA:85,11,1,0
BRDA:86,12,0,0
BRDA:86,12,1,0
BRDA:87,13,0,0
BRDA:87,13,1,0
BRDA:88,14,0,0
BRDA:88,14,1,0
BRDA:90,15,0,0
BRDA:90,15,1,0
BRDA:91,16,0,0
BRDA:91,16,1,0
BRF:35
BRH:0
end_of_record
TN:
SF:client/src/overview/imageGallery/imageGalleryMain.styles.js
FN:77,(anonymous_0)
FN:95,(anonymous_1)
FNF:2
FNH:0
FNDA:0,(anonymous_0)
FNDA:0,(anonymous_1)
DA:4,1
DA:70,1
DA:77,0
DA:91,1
DA:95,0
LF:5
LH:3
BRF:0
BRH:0
end_of_record
TN:
SF:client/src/overview/imageGallery/imageGallery_thumbnailScroll.jsx
FN:11,ImageGalleryThumbnailScroll
FN:17,(anonymous_1)
FN:25,(anonymous_2)
FN:27,(anonymous_3)
FN:41,(anonymous_4)
FNF:5
FNH:0
FNDA:0,ImageGalleryThumbnailScroll
FNDA:0,(anonymous_1)
FNDA:0,(anonymous_2)
FNDA:0,(anonymous_3)
FNDA:0,(anonymous_4)
DA:12,0
DA:15,0
DA:16,0
DA:17,0
DA:18,0
DA:19,0
DA:20,0
DA:24,0
DA:25,0
DA:27,0
DA:28,0
DA:29,0
DA:30,0
DA:31,0
DA:37,0
DA:42,0
LF:16
LH:0
BRDA:18,0,0,0
BRDA:18,0,1,0
BRDA:18,1,0,0
BRDA:18,1,1,0
BRDA:24,2,0,0
BRDA:24,2,1,0
BRDA:24,3,0,0
BRDA:24,3,1,0
BRDA:28,4,0,0
BRDA:28,4,1,0
BRDA:28,5,0,0
BRDA:28,5,1,0
BRDA:41,6,0,0
BRDA:41,6,1,0
BRF:14
BRH:0
end_of_record
TN:
SF:client/src/overview/imageGallery/imageGallery_thumbnails.jsx
FN:7,ImageGalleryThumbnails
FN:10,(anonymous_1)
FN:14,(anonymous_2)
FNF:3
FNH:2
FNDA:4,ImageGalleryThumbnails
FNDA:3,(anonymous_1)
FNDA:0,(anonymous_2)
DA:8,4
DA:9,4
DA:10,4
DA:11,3
DA:14,4
DA:15,0
DA:16,0
DA:17,0
DA:20,4
LF:9
LH:6
BRDA:23,0,0,1
BRDA:23,0,1,3
BRF:2
BRH:2
end_of_record
TN:
SF:client/src/overview/imageGallery/imageGallery_thumbnails.styles.js
FN:26,(anonymous_0)
FNF:1
FNH:1
FNDA:4,(anonymous_0)
DA:4,1
DA:11,1
DA:24,1
DA:26,4
LF:4
LH:4
BRF:0
BRH:0
end_of_record
TN:
SF:client/src/overview/productInformation/productInformation.jsx
FN:5,ProductInformation
FNF:1
FNH:1
FNDA:1,ProductInformation
DA:6,1
DA:8,1
DA:9,0
DA:12,1
LF:4
LH:3
BRDA:8,0,0,0
BRDA:8,0,1,1
BRDA:8,1,0,1
BRDA:8,1,1,0
BRF:4
BRH:2
end_of_record
TN:
SF:client/src/overview/productInformation/productInformation.styles.js
FNF:0
FNH:0
DA:4,1
LF:1
LH:1
BRF:0
BRH:0
end_of_record
TN:
SF:client/src/overview/productsOverview/productsOverview.jsx
FN:13,ProductsOverview
FNF:1
FNH:0
FNDA:0,ProductsOverview
DA:14,0
LF:1
LH:0
BRF:0
BRH:0
end_of_record
TN:
SF:client/src/overview/productsOverview/productsOverview.styles.js
FNF:0
FNH:0
DA:4,1
DA:15,1
DA:27,1
DA:38,1
DA:51,1
LF:5
LH:5
BRF:0
BRH:0
end_of_record
TN:
SF:client/src/overview/starRating/starRating.jsx
FN:5,StarRating
FNF:1
FNH:1
FNDA:1,StarRating
DA:6,1
DA:7,1
DA:9,1
LF:3
LH:3
BRF:0
BRH:0
end_of_record
TN:
SF:client/src/overview/starRating/starRating.styles.js
FNF:0
FNH:0
DA:5,1
LF:1
LH:1
BRF:0
BRH:0
end_of_record
TN:
SF:client/src/overview/styleSelector/styleSelector.jsx
FN:13,styleSelector
FN:20,(anonymous_1)
FN:28,(anonymous_2)
FN:31,(anonymous_3)
FN:54,(anonymous_4)
FNF:5
FNH:5
FNDA:6,styleSelector
FNDA:2,(anonymous_1)
FNDA:36,(anonymous_2)
FNDA:6,(anonymous_3)
FNDA:36,(anonymous_4)
DA:14,6
DA:17,6
DA:20,6
DA:21,2
DA:22,2
DA:23,2
DA:27,6
DA:28,36
DA:31,6
DA:32,6
DA:33,2
DA:36,6
DA:37,6
DA:39,6
DA:55,36
LF:15
LH:15
BRDA:21,0,0,2
BRDA:21,0,1,0
BRDA:21,1,0,2
BRDA:21,1,1,2
BRDA:27,2,0,6
BRDA:27,2,1,0
BRDA:27,3,0,6
BRDA:27,3,1,6
BRDA:32,4,0,2
BRDA:32,4,1,4
BRDA:32,5,0,6
BRDA:32,5,1,4
BRDA:36,6,0,4
BRDA:36,6,1,2
BRDA:36,7,0,6
BRDA:36,7,1,6
BRDA:37,8,0,0
BRDA:37,8,1,6
BRDA:37,9,0,6
BRDA:37,9,1,4
BRDA:42,10,0,0
BRDA:42,10,1,6
BRDA:42,11,0,6
BRDA:42,11,1,6
BRDA:54,12,0,6
BRDA:54,12,1,6
BRF:26
BRH:22
end_of_record
TN:
SF:client/src/overview/styleSelector/styleSelector.styles.js
FNF:0
FNH:0
DA:4,1
DA:26,1
LF:2
LH:2
BRF:0
BRH:0
end_of_record
TN:
SF:client/src/overview/styleSelector/styleSelectorThumbs.styles.js
FN:11,(anonymous_0)
FNF:1
FNH:1
FNDA:36,(anonymous_0)
DA:4,1
DA:8,1
DA:11,36
LF:3
LH:3
BRF:0
BRH:0
end_of_record
TN:
SF:client/src/overview/styleSelector/styleThumbsRender.jsx
FN:6,StyleThumbsRender
FN:12,(anonymous_1)
FN:16,(anonymous_2)
FNF:3
FNH:2
FNDA:36,StyleThumbsRender
FNDA:24,(anonymous_1)
FNDA:0,(anonymous_2)
DA:9,36
DA:10,36
DA:12,36
DA:13,24
DA:16,36
DA:17,0
DA:18,0
DA:19,0
DA:20,0
DA:23,36
LF:10
LH:6
BRDA:28,0,0,2
BRDA:28,0,1,34
BRF:2
BRH:2
end_of_record
TN:
SF:client/src/questionsAnswers/answerQuestionForm.jsx
FN:6,AnswerModal
FN:14,(anonymous_1)
FN:23,(anonymous_2)
FN:26,(anonymous_3)
FN:29,(anonymous_4)
FN:37,(anonymous_5)
FN:38,(anonymous_6)
FN:47,(anonymous_7)
FN:51,(anonymous_8)
FN:55,(anonymous_9)
FNF:10
FNH:0
FNDA:0,AnswerModal
FNDA:0,(anonymous_1)
FNDA:0,(anonymous_2)
FNDA:0,(anonymous_3)
FNDA:0,(anonymous_4)
FNDA:0,(anonymous_5)
FNDA:0,(anonymous_6)
FNDA:0,(anonymous_7)
FNDA:0,(anonymous_8)
FNDA:0,(anonymous_9)
DA:7,0
DA:8,0
DA:14,0
DA:15,0
DA:16,0
DA:19,0
DA:20,0
DA:23,0
DA:24,0
DA:25,0
DA:27,0
DA:30,0
DA:32,0
DA:33,0
DA:36,0
DA:37,0
DA:38,0
DA:47,0
DA:51,0
DA:55,0
LF:20
LH:0
BRDA:19,0,0,0
BRDA:19,0,1,0
BRF:2
BRH:0
end_of_record
TN:
SF:client/src/questionsAnswers/background.style.js
FN:17,(anonymous_0)
FN:19,(anonymous_1)
FNF:2
FNH:0
FNDA:0,(anonymous_0)
FNDA:0,(anonymous_1)
DA:3,1
DA:13,1
DA:17,0
DA:19,0
LF:4
LH:2
BRF:0
BRH:0
end_of_record
TN:
SF:client/src/questionsAnswers/qa.jsx
FN:7,QA
FN:17,(anonymous_1)
FN:22,(anonymous_2)
FN:28,(anonymous_3)
FN:31,(anonymous_4)
FN:34,(anonymous_5)
FN:43,(anonymous_6)
FN:55,(anonymous_7)
FN:60,(anonymous_8)
FN:68,(anonymous_9)
FNF:10
FNH:0
FNDA:0,QA
FNDA:0,(anonymous_1)
FNDA:0,(anonymous_2)
FNDA:0,(anonymous_3)
FNDA:0,(anonymous_4)
FNDA:0,(anonymous_5)
FNDA:0,(anonymous_6)
FNDA:0,(anonymous_7)
FNDA:0,(anonymous_8)
FNDA:0,(anonymous_9)
DA:8,0
DA:9,0
DA:10,0
DA:11,0
DA:13,0
DA:14,0
DA:17,0
DA:18,0
DA:19,0
DA:22,0
DA:23,0
DA:26,0
DA:28,0
DA:29,0
DA:30,0
DA:31,0
DA:32,0
DA:33,0
DA:34,0
DA:36,0
DA:37,0
DA:39,0
DA:42,0
DA:43,0
DA:44,0
DA:45,0
DA:48,0
DA:55,0
DA:61,0
DA:69,0
LF:30
LH:0
BRDA:13,0,0,0
BRDA:13,0,1,0
BRDA:26,1,0,0
BRDA:26,1,1,0
BRDA:29,2,0,0
BRDA:29,2,1,0
BRDA:33,3,0,0
BRDA:33,3,1,0
BRDA:58,4,0,0
BRDA:58,4,1,0
BRDA:80,5,0,0
BRDA:80,5,1,0
BRF:12
BRH:0
end_of_record
TN:
SF:client/src/questionsAnswers/questionForm.jsx
FN:6,QuestionModal
FN:16,(anonymous_1)
FN:30,(anonymous_2)
FN:33,(anonymous_3)
FN:41,(anonymous_4)
FN:46,(anonymous_5)
FNF:6
FNH:0
FNDA:0,QuestionModal
FNDA:0,(anonymous_1)
FNDA:0,(anonymous_2)
FNDA:0,(anonymous_3)
FNDA:0,(anonymous_4)
FNDA:0,(anonymous_5)
DA:7,0
DA:8,0
DA:10,0
DA:11,0
DA:16,0
DA:17,0
DA:18,0
DA:19,0
DA:20,0
DA:21,0
DA:27,0
DA:29,0
DA:31,0
DA:34,0
DA:36,0
DA:39,0
DA:41,0
DA:47,0
LF:18
LH:0
BRDA:10,0,0,0
BRDA:10,0,1,0
BRF:2
BRH:0
end_of_record
TN:
SF:client/src/questionsAnswers/answers/answerItem.jsx
FN:8,AnswerItem
FN:26,(anonymous_1)
FNF:2
FNH:0
FNDA:0,AnswerItem
FNDA:0,(anonymous_1)
DA:9,0
DA:10,0
DA:12,0
DA:27,0
DA:37,1
LF:5
LH:1
BRDA:20,0,0,0
BRDA:20,0,1,0
BRDA:26,1,0,0
BRDA:26,1,1,0
BRF:4
BRH:0
end_of_record
TN:
SF:client/src/questionsAnswers/answers/helpfulAnswer.jsx
FN:4,Helpful
FN:6,(anonymous_1)
FN:9,(anonymous_2)
FN:13,(anonymous_3)
FNF:4
FNH:0
FNDA:0,Helpful
FNDA:0,(anonymous_1)
FNDA:0,(anonymous_2)
FNDA:0,(anonymous_3)
DA:5,0
DA:6,0
DA:7,0
DA:8,0
DA:10,0
DA:11,0
DA:14,0
DA:18,0
LF:8
LH:0
BRDA:20,0,0,0
BRDA:20,0,1,0
BRF:2
BRH:0
end_of_record
TN:
SF:client/src/questionsAnswers/answers/photo.jsx
FN:5,Photo
FN:7,(anonymous_1)
FN:14,(anonymous_2)
FN:19,(anonymous_3)
FN:20,(anonymous_4)
FNF:5
FNH:0
FNDA:0,Photo
FNDA:0,(anonymous_1)
FNDA:0,(anonymous_2)
FNDA:0,(anonymous_3)
FNDA:0,(anonymous_4)
DA:6,0
DA:7,0
DA:8,0
DA:9,0
DA:12,0
DA:14,0
DA:19,0
DA:20,0
DA:31,1
DA:38,1
LF:10
LH:2
BRDA:17,0,0,0
BRDA:17,0,1,0
BRF:2
BRH:0
end_of_record
TN:
SF:client/src/questionsAnswers/answers/reportAnswer.jsx
FN:4,Report
FN:6,(anonymous_1)
FN:9,(anonymous_2)
FN:13,(anonymous_3)
FNF:4
FNH:0
FNDA:0,Report
FNDA:0,(anonymous_1)
FNDA:0,(anonymous_2)
FNDA:0,(anonymous_3)
DA:5,0
DA:6,0
DA:7,0
DA:8,0
DA:10,0
DA:11,0
DA:14,0
DA:16,0
DA:18,0
LF:9
LH:0
BRDA:20,0,0,0
BRDA:20,0,1,0
BRF:2
BRH:0
end_of_record
TN:
SF:client/src/questionsAnswers/questions/helpfulQuestion.jsx
FN:5,Helpful
FN:10,(anonymous_1)
FN:13,(anonymous_2)
FN:17,(anonymous_3)
FNF:4
FNH:0
FNDA:0,Helpful
FNDA:0,(anonymous_1)
FNDA:0,(anonymous_2)
FNDA:0,(anonymous_3)
DA:6,0
DA:7,0
DA:8,0
DA:10,0
DA:11,0
DA:12,0
DA:14,0
DA:15,0
DA:18,0
DA:22,0
LF:10
LH:0
BRDA:25,0,0,0
BRDA:25,0,1,0
BRF:2
BRH:0
end_of_record
TN:
SF:client/src/questionsAnswers/questions/question.jsx
FN:7,Question
FN:12,(anonymous_1)
FN:15,(anonymous_2)
FN:33,(anonymous_3)
FN:36,(anonymous_4)
FNF:5
FNH:0
FNDA:0,Question
FNDA:0,(anonymous_1)
FNDA:0,(anonymous_2)
FNDA:0,(anonymous_3)
FNDA:0,(anonymous_4)
DA:8,0
DA:9,0
DA:10,0
DA:11,0
DA:12,0
DA:13,0
DA:15,0
DA:16,0
DA:17,0
DA:18,0
DA:19,0
DA:20,0
DA:23,0
DA:33,0
DA:36,0
LF:15
LH:0
BRDA:31,0,0,0
BRDA:31,0,1,0
BRDA:39,1,0,0
BRDA:39,1,1,0
BRF:4
BRH:0
end_of_record
TN:
SF:client/src/questionsAnswers/questions/reportQuestion.jsx
FN:4,Report
FN:6,(anonymous_1)
FN:8,(anonymous_2)
FN:12,(anonymous_3)
FNF:4
FNH:0
FNDA:0,Report
FNDA:0,(anonymous_1)
FNDA:0,(anonymous_2)
FNDA:0,(anonymous_3)
DA:5,0
DA:6,0
DA:7,0
DA:9,0
DA:10,0
DA:13,0
DA:17,0
LF:7
LH:0
BRDA:19,0,0,0
BRDA:19,0,1,0
BRF:2
BRH:0
end_of_record
TN:
SF:client/src/related_comparison/Card.jsx
FN:5,Card
FN:8,(anonymous_1)
FN:56,(anonymous_2)
FNF:3
FNH:0
FNDA:0,Card
FNDA:0,(anonymous_1)
FNDA:0,(anonymous_2)
DA:8,0
DA:9,0
DA:10,0
DA:11,0
DA:12,0
DA:13,0
DA:14,0
DA:15,0
DA:16,0
DA:17,0
DA:20,0
DA:47,1
DA:55,1
DA:56,0
DA:64,1
DA:77,1
DA:90,1
DA:95,1
DA:99,1
LF:19
LH:7
BRDA:11,0,0,0
BRDA:11,0,1,0
BRF:2
BRH:0
end_of_record
TN:
SF:client/src/related_comparison/Carousel.style.js
FNF:0
FNH:0
DA:3,1
DA:17,1
LF:2
LH:2
BRF:0
BRH:0
end_of_record
TN:
SF:client/src/related_comparison/ComparisonModal.jsx
FN:5,ComparisonModal
FN:8,(anonymous_1)
FN:16,(anonymous_2)
FN:58,(anonymous_3)
FNF:4
FNH:0
FNDA:0,ComparisonModal
FNDA:0,(anonymous_1)
FNDA:0,(anonymous_2)
FNDA:0,(anonymous_3)
DA:8,0
DA:9,0
DA:10,0
DA:11,0
DA:13,0
DA:16,0
DA:18,0
DA:19,0
DA:20,0
DA:21,0
DA:23,0
DA:24,0
DA:26,0
DA:28,0
DA:29,0
DA:30,0
DA:31,0
DA:33,0
DA:34,0
DA:35,0
DA:38,0
DA:39,0
DA:41,0
DA:42,0
DA:59,0
DA:77,1
DA:91,1
DA:102,1
DA:108,1
DA:112,1
DA:116,1
DA:120,1
LF:32
LH:7
BRDA:10,0,0,0
BRDA:10,0,1,0
BRDA:23,1,0,0
BRDA:23,1,1,0
BRDA:29,2,0,0
BRDA:29,2,1,0
BRDA:33,3,0,0
BRDA:33,3,1,0
BRDA:43,4,0,0
BRDA:43,4,1,0
BRDA:61,5,0,0
BRDA:61,5,1,0
BRDA:65,6,0,0
BRDA:65,6,1,0
BRF:14
BRH:0
end_of_record
TN:
SF:client/src/related_comparison/OutfitList.jsx
FN:7,OutfitList
FN:17,(anonymous_1)
FN:22,(anonymous_2)
FN:30,(anonymous_3)
FN:38,(anonymous_4)
FN:46,(anonymous_5)
FN:51,(anonymous_6)
FN:56,(anonymous_7)
FN:61,(anonymous_8)
FN:98,(anonymous_9)
FNF:10
FNH:0
FNDA:0,OutfitList
FNDA:0,(anonymous_1)
FNDA:0,(anonymous_2)
FNDA:0,(anonymous_3)
FNDA:0,(anonymous_4)
FNDA:0,(anonymous_5)
FNDA:0,(anonymous_6)
FNDA:0,(anonymous_7)
FNDA:0,(anonymous_8)
FNDA:0,(anonymous_9)
DA:10,0
DA:11,0
DA:12,0
DA:13,0
DA:14,0
DA:15,0
DA:17,0
DA:18,0
DA:19,0
DA:22,0
DA:23,0
DA:24,0
DA:26,0
DA:30,0
DA:31,0
DA:32,0
DA:33,0
DA:34,0
DA:36,0
DA:38,0
DA:39,0
DA:40,0
DA:41,0
DA:42,0
DA:44,0
DA:46,0
DA:47,0
DA:48,0
DA:51,0
DA:52,0
DA:53,0
DA:56,0
DA:57,0
DA:58,0
DA:61,0
DA:62,0
DA:63,0
DA:64,0
DA:65,0
DA:66,0
DA:67,0
DA:68,0
DA:69,0
DA:75,0
DA:76,0
DA:78,0
DA:99,0
DA:124,1
DA:133,1
DA:145,1
DA:152,1
LF:51
LH:4
BRDA:23,0,0,0
BRDA:23,0,1,0
BRDA:23,1,0,0
BRDA:23,1,1,0
BRDA:32,2,0,0
BRDA:32,2,1,0
BRDA:40,3,0,0
BRDA:40,3,1,0
BRDA:64,4,0,0
BRDA:64,4,1,0
BRDA:75,5,0,0
BRDA:75,5,1,0
BRDA:90,6,0,0
BRDA:90,6,1,0
BRDA:98,7,0,0
BRDA:98,7,1,0
BRDA:111,8,0,0
BRDA:111,8,1,0
BRF:18
BRH:0
end_of_record
TN:
SF:client/src/related_comparison/OutfitListEntry.jsx
FN:5,OutfitListEntry
FN:9,(anonymous_1)
FN:15,(anonymous_2)
FN:59,(anonymous_3)
FNF:4
FNH:0
FNDA:0,OutfitListEntry
FNDA:0,(anonymous_1)
FNDA:0,(anonymous_2)
FNDA:0,(anonymous_3)
DA:9,0
DA:10,0
DA:11,0
DA:12,0
DA:13,0
DA:15,0
DA:16,0
DA:17,0
DA:20,0
DA:45,1
DA:58,1
DA:59,0
DA:67,1
DA:80,1
DA:85,1
DA:89,1
LF:16
LH:6
BRDA:23,0,0,0
BRDA:23,0,1,0
BRF:2
BRH:0
end_of_record
TN:
SF:client/src/related_comparison/RelatedProductList.jsx
FN:7,RelatedProductList
FN:12,(anonymous_1)
FN:20,(anonymous_2)
FN:25,(anonymous_3)
FN:47,(anonymous_4)
FNF:5
FNH:0
FNDA:0,RelatedProductList
FNDA:0,(anonymous_1)
FNDA:0,(anonymous_2)
FNDA:0,(anonymous_3)
FNDA:0,(anonymous_4)
DA:8,0
DA:9,0
DA:10,0
DA:11,0
DA:12,0
DA:13,0
DA:14,0
DA:16,0
DA:20,0
DA:21,0
DA:22,0
DA:25,0
DA:26,0
DA:27,0
DA:29,0
DA:30,0
DA:32,0
DA:48,0
DA:75,1
DA:83,1
LF:20
LH:2
BRDA:13,0,0,0
BRDA:13,0,1,0
BRDA:13,1,0,0
BRDA:13,1,1,0
BRDA:16,2,0,0
BRDA:16,2,1,0
BRDA:29,3,0,0
BRDA:29,3,1,0
BRDA:39,4,0,0
BRDA:39,4,1,0
BRDA:47,5,0,0
BRDA:47,5,1,0
BRDA:62,6,0,0
BRDA:62,6,1,0
BRF:14
BRH:0
end_of_record
TN:
SF:client/src/related_comparison/RelatedProductListEntry.jsx
FN:6,RelatedProductListEntry
FN:10,(anonymous_1)
FNF:2
FNH:0
FNDA:0,RelatedProductListEntry
FNDA:0,(anonymous_1)
DA:9,0
DA:10,0
DA:11,0
DA:13,0
DA:15,0
DA:42,1
LF:6
LH:1
BRDA:13,0,0,0
BRDA:13,0,1,0
BRF:2
BRH:0
end_of_record
TN:
SF:client/src/reviews/ProductBreakdown.jsx
FN:4,ProductBreakdown
FN:9,(anonymous_1)
FNF:2
FNH:0
FNDA:0,ProductBreakdown
FNDA:0,(anonymous_1)
DA:5,0
DA:6,0
DA:7,0
DA:9,0
DA:10,0
DA:15,0
LF:6
LH:0
BRDA:6,0,0,0
BRDA:6,0,1,0
BRF:2
BRH:0
end_of_record
TN:
SF:client/src/reviews/RatingsBreakdown.jsx
FN:5,RatingsBreakdown
FN:14,RatingSummary
FN:27,StarsBreakdown
FN:32,(anonymous_3)
FNF:4
FNH:0
FNDA:0,RatingsBreakdown
FNDA:0,RatingSummary
FNDA:0,StarsBreakdown
FNDA:0,(anonymous_3)
DA:6,0
DA:15,0
DA:16,0
DA:17,0
DA:19,0
DA:28,0
DA:29,0
DA:30,0
DA:32,0
DA:33,0
DA:39,0
DA:40,0
LF:12
LH:0
BRDA:16,0,0,0
BRDA:16,0,1,0
BRDA:29,1,0,0
BRDA:29,1,1,0
BRF:4
BRH:0
end_of_record
TN:
SF:client/src/reviews/ReviewTile.jsx
FN:5,ReviewTile
FN:30,(anonymous_1)
FN:32,(anonymous_2)
FN:36,(anonymous_3)
FN:47,(anonymous_4)
FN:49,(anonymous_5)
FN:53,(anonymous_6)
FNF:7
FNH:0
FNDA:0,ReviewTile
FNDA:0,(anonymous_1)
FNDA:0,(anonymous_2)
FNDA:0,(anonymous_3)
FNDA:0,(anonymous_4)
FNDA:0,(anonymous_5)
FNDA:0,(anonymous_6)
DA:6,0
DA:7,0
DA:8,0
DA:9,0
DA:11,0
DA:31,0
DA:33,0
DA:34,0
DA:36,0
DA:48,0
DA:50,0
DA:51,0
DA:53,0
LF:13
LH:0
BRDA:8,0,0,0
BRDA:8,0,1,0
BRDA:17,1,0,0
BRDA:17,1,1,0
BRDA:19,2,0,0
BRDA:19,2,1,0
BRDA:20,3,0,0
BRDA:20,3,1,0
BRF:8
BRH:0
end_of_record
TN:
SF:client/src/reviews/Reviews.jsx
FN:6,Reviews
FNF:1
FNH:0
FNDA:0,Reviews
DA:7,0
DA:18,1
LF:2
LH:1
BRF:0
BRH:0
end_of_record
TN:
SF:client/src/reviews/ReviewsList.jsx
FN:6,ReviewsList
FN:14,(anonymous_1)
FN:27,(anonymous_2)
FN:30,(anonymous_3)
FN:38,(anonymous_4)
FN:54,(anonymous_5)
FN:71,(anonymous_6)
FNF:7
FNH:0
FNDA:0,ReviewsList
FNDA:0,(anonymous_1)
FNDA:0,(anonymous_2)
FNDA:0,(anonymous_3)
FNDA:0,(anonymous_4)
FNDA:0,(anonymous_5)
FNDA:0,(anonymous_6)
DA:7,0
DA:8,0
DA:9,0
DA:10,0
DA:14,0
DA:15,0
DA:17,0
DA:28,0
DA:29,0
DA:31,0
DA:38,0
DA:55,0
DA:56,0
DA:61,0
DA:72,0
DA:73,0
LF:16
LH:0
BRDA:9,0,0,0
BRDA:9,0,1,0
BRDA:51,1,0,0
BRDA:51,1,1,0
BRDA:55,2,0,0
BRDA:55,2,1,0
BRDA:56,3,0,0
BRDA:56,3,1,0
BRF:8
BRH:0
end_of_record
TN:
SF:client/src/reviews/ReviewsMeta.jsx
FN:5,ReviewsMeta
FNF:1
FNH:0
FNDA:0,ReviewsMeta
DA:6,0
LF:1
LH:0
BRF:0
BRH:0
end_of_record
TN:
SF:client/src/reviews/Stars.jsx
FN:4,Stars
FNF:1
FNH:0
FNDA:0,Stars
DA:5,0
DA:10,1
LF:2
LH:1
BRF:0
BRH:0
end_of_record
TN:
SF:client/src/reviews/WriteCharacteristic.jsx
FN:4,WriteCharacteristic
FN:27,(anonymous_1)
FN:71,(anonymous_2)
FN:74,(anonymous_3)
FN:75,(anonymous_4)
FNF:5
FNH:0
FNDA:0,WriteCharacteristic
FNDA:0,(anonymous_1)
FNDA:0,(anonymous_2)
FNDA:0,(anonymous_3)
FNDA:0,(anonymous_4)
DA:7,0
DA:8,0
DA:16,0
DA:28,0
DA:29,0
DA:48,1
DA:58,1
DA:70,1
DA:71,0
DA:73,1
DA:74,0
DA:75,0
LF:12
LH:4
BRDA:23,0,0,0
BRDA:23,0,1,0
BRDA:75,1,0,0
BRDA:75,1,1,0
BRF:4
BRH:0
end_of_record
TN:
SF:client/src/reviews/WriteRating.jsx
FN:4,WriteRating
FN:5,(anonymous_1)
FN:9,(anonymous_2)
FN:13,(anonymous_3)
FNF:4
FNH:0
FNDA:0,WriteRating
FNDA:0,(anonymous_1)
FNDA:0,(anonymous_2)
FNDA:0,(anonymous_3)
DA:5,0
DA:7,0
DA:9,0
DA:10,0
DA:13,0
DA:16,0
LF:6
LH:0
BRDA:12,0,0,0
BRDA:12,0,1,0
BRDA:21,1,0,0
BRDA:21,1,1,0
BRF:4
BRH:0
end_of_record
TN:
SF:client/src/reviews/WriteReview.jsx
FN:9,WriteReview
FN:26,(anonymous_1)
FN:32,(anonymous_2)
FN:48,(anonymous_3)
FN:66,(anonymous_4)
FN:80,(anonymous_5)
FN:88,(anonymous_6)
FN:106,(anonymous_7)
FN:120,(anonymous_8)
FN:128,(anonymous_9)
FN:130,(anonymous_10)
FN:145,(anonymous_11)
FN:156,(anonymous_12)
FN:157,(anonymous_13)
FN:158,(anonymous_14)
FN:167,PhotoInput
FN:174,(anonymous_16)
FNF:17
FNH:0
FNDA:0,WriteReview
FNDA:0,(anonymous_1)
FNDA:0,(anonymous_2)
FNDA:0,(anonymous_3)
FNDA:0,(anonymous_4)
FNDA:0,(anonymous_5)
FNDA:0,(anonymous_6)
FNDA:0,(anonymous_7)
FNDA:0,(anonymous_8)
FNDA:0,(anonymous_9)
FNDA:0,(anonymous_10)
FNDA:0,(anonymous_11)
FNDA:0,(anonymous_12)
FNDA:0,(anonymous_13)
FNDA:0,(anonymous_14)
FNDA:0,PhotoInput
FNDA:0,(anonymous_16)
DA:10,0
DA:11,0
DA:12,0
DA:13,0
DA:24,0
DA:27,0
DA:33,0
DA:49,0
DA:67,0
DA:81,0
DA:89,0
DA:107,0
DA:121,0
DA:129,0
DA:131,0
DA:132,0
DA:143,0
DA:146,0
DA:147,0
DA:148,0
DA:154,0
DA:156,0
DA:157,0
DA:158,0
DA:159,0
DA:168,0
DA:169,0
DA:175,0
DA:176,0
DA:184,1
DA:195,1
LF:31
LH:2
BRDA:67,0,0,0
BRDA:67,0,1,0
BRDA:81,1,0,0
BRDA:81,1,1,0
BRDA:107,2,0,0
BRDA:107,2,1,0
BRDA:121,3,0,0
BRDA:121,3,1,0
BRF:8
BRH:0
end_of_record
TN:
SF:client/src/spec/mockContext.jsx
FN:28,MockContext
FN:32,useMockContext
FNF:2
FNH:2
FNDA:12,MockContext
FNDA:17,useMockContext
DA:15,1
DA:26,1
DA:29,12
DA:33,17
DA:34,17
LF:5
LH:5
BRF:0
BRH:0
end_of_record
TN:
SF:client/src/spec/mockContextData.js
FNF:0
FNH:0
DA:5,1
DA:27,1
DA:388,1
DA:818,1
DA:851,1
DA:933,1
DA:1018,1
DA:1019,1
LF:8
LH:8
BRF:0
BRH:0
end_of_record
TN:
SF:client/src/spec/mockOverviewContext.jsx
FN:8,MockOverviewContextWrapper
FN:33,useMockOverviewContext
FNF:2
FNH:2
FNDA:16,MockOverviewContextWrapper
FNDA:54,useMockOverviewContext
DA:6,1
DA:11,16
DA:12,16
DA:13,16
DA:14,16
DA:15,16
DA:17,16
DA:30,16
DA:34,54
DA:35,54
DA:36,0
DA:38,54
LF:12
LH:11
BRDA:35,0,0,0
BRDA:35,0,1,54
BRF:2
BRH:1
end_of_record
